Time resolution is 1 ps
r[ 5] = 0x00000435,
r[ 6] = 0x00001000,
r[ 5] = 0x00001435,
r[ 6] = 0x98765000,
r[ 7] = 0x000019ad,
r[ 8] = 0x98764c00,
r[ 9] = 0x00001389,
r[ 3] = 0x00000000,
r[ 4] = 0x00000001,
r[18] = 0x00000301,
r[20] = 0x00000001,
r[19] = 0x98763bcb,
r[21] = 0x98765001,
r[22] = 0x98765002,
r[22] = 0x98766437,
r[23] = 0x00001437,
r[25] = 0x98767437,
r[26] = 0x00000437,
r[27] = 0x00000001,
r[28] = 0x00000000,
r[ 3] = 0x00000004,
r[27] = 0x00004370,
r[28] = 0x09876743,
r[29] = 0xf9876743,
r[27] = 0xcb000000,
r[28] = 0x098763bc,
r[29] = 0xf98763bc,
r[ 3] = 0x00000000,
r[ 5] = 0x000000ef,
dmem[0x00000000] = 0x98763bcb,
dmem[0x00000001] = 0x98765001,
dmem[0x00000002] = 0x00001437,
dmem[0x00000001] = 0x00000437,
dmem[0x00000002] = 0x98763bcb,
dmem[0x00000001] = 0x000000ef,
dmem[0x00000002] = 0x000000ef,
dmem[0x00000002] = 0x000000ef,
r[ 5] = 0x98763bcb,
dmem[0x00000003] = 0x98763bcb,
r[ 7] = 0xffff9876,
dmem[0x00000004] = 0xffff9876,
r[ 7] = 0x00009876,
dmem[0x00000005] = 0x00009876,
r[ 8] = 0xffffff98,
dmem[0x00000006] = 0xffffff98,
r[ 8] = 0x00000098,
dmem[0x00000007] = 0x00000098,
r[ 8] = 0x0000003b,
dmem[0x00000008] = 0x0000003b,
dmem[0x00000000] = 0x00000000,
r[ 9] = 0x00000000,
r[ 9] = 0x00000007,
r[ 9] = 0x0000000d,
r[ 9] = 0x0000000e,
dmem[0x00000000] = 0x0000000e,
r[10] = 0x0000000e,
r[ 1] = 0x00000108,
r[10] = 0x000007af,
dmem[0x00000000] = 0x000007af,
$stop called at time : 288 ns : File "D:/Vivado/code/test1_code/code/sccomp_tb.v" Line 55
