Time resolution is 1 ps
r[ 5] = 0x00000435,
r[ 6] = 0x00001000,
r[ 5] = 0x00001435,
r[ 6] = 0x98765000,
r[ 7] = 0x000019ad,
r[ 8] = 0x98764c00,
r[ 9] = 0x00001389,
r[ 3] = 0x00000001,
r[ 4] = 0x00000001,
r[18] = 0x00000000,
r[20] = 0x00000001,
r[19] = 0x98763bcb,
r[21] = 0x98765001,
r[22] = 0x98765001,
r[22] = 0x98766436,
r[23] = 0x00001436,
r[25] = 0x98767436,
r[26] = 0x00001000,
r[27] = 0x00000001,
r[28] = 0x00000001,
r[ 3] = 0x00000005,
r[27] = 0x00020000,
r[28] = 0x04c3b3a1,
r[29] = 0xcc3b3a1b,
r[27] = 0xcb000000,
r[28] = 0x098763bc,
r[29] = 0xf98763bc,
r[ 3] = 0x00000000,
dmem[0x00000000] = 0x000000cb,
dmem[0x00000001] = 0x0000003b,
dmem[0x00000002] = 0x00000076,
dmem[0x00000003] = 0x00000098,
r[ 5] = 0x000000ef,
dmem[0x00000009] = 0x00000001,
dmem[0x0000000a] = 0x00000050,
dmem[0x0000000b] = 0x00000076,
dmem[0x0000000c] = 0x00000098,
dmem[0x00000008] = 0x00000036,
dmem[0x00000009] = 0x00000014,
dmem[0x0000000a] = 0x00000000,
dmem[0x0000000b] = 0x00000000,
dmem[0x00000004] = 0x00000000,
dmem[0x00000005] = 0x00000010,
dmem[0x0000000a] = 0x000000cb,
dmem[0x0000000b] = 0x0000003b,
dmem[0x00000007] = 0x000000ef,
dmem[0x00000009] = 0x000000ef,
dmem[0x00000008] = 0x000000ef,
r[ 5] = 0x98763bcb,
r[ 7] = 0xffff9876,
r[ 7] = 0x00009876,
r[ 8] = 0xffffff98,
r[ 8] = 0x00000098,
r[ 8] = 0x0000003b,
dmem[0x00000000] = 0x00000000,
dmem[0x00000001] = 0x00000000,
dmem[0x00000002] = 0x00000000,
dmem[0x00000003] = 0x00000000,
r[ 9] = 0x00000000,
r[ 9] = 0x00000007,
r[ 9] = 0x0000000d,
dmem[0x00000000] = 0x0000000e,
dmem[0x00000001] = 0x00000000,
dmem[0x00000002] = 0x00000000,
dmem[0x00000003] = 0x00000000,
r[ 9] = 0x0000000e,
r[10] = 0x0000000e,
r[ 1] = 0x00000108,
dmem[0x00000000] = 0x000000af,
dmem[0x00000001] = 0x00000007,
dmem[0x00000002] = 0x00000000,
dmem[0x00000003] = 0x00000000,
r[10] = 0x000007af,
r[ 0] = 0x0000011c,
dmem[0x00000000] = 0x000000b2,
dmem[0x00000001] = 0x00000007,
dmem[0x00000002] = 0x00000000,
dmem[0x00000003] = 0x00000000,
r[10] = 0x000007b2,
dmem[0x00000000] = 0x000000b3,
dmem[0x00000001] = 0x00000007,
dmem[0x00000002] = 0x00000000,
dmem[0x00000003] = 0x00000000,
r[10] = 0x000007b3,
r[ 0] = 0x0000011c,
dmem[0x00000000] = 0x000000b6,
dmem[0x00000001] = 0x00000007,
dmem[0x00000002] = 0x00000000,
dmem[0x00000003] = 0x00000000,
r[10] = 0x000007b6,
dmem[0x00000000] = 0x000000b7,
dmem[0x00000001] = 0x00000007,
dmem[0x00000002] = 0x00000000,
dmem[0x00000003] = 0x00000000,
r[10] = 0x000007b7,
r[ 0] = 0x0000011c,
dmem[0x00000000] = 0x000000ba,
dmem[0x00000001] = 0x00000007,
dmem[0x00000002] = 0x00000000,
dmem[0x00000003] = 0x00000000,
r[10] = 0x000007ba,
dmem[0x00000000] = 0x000000bb,
dmem[0x00000001] = 0x00000007,
dmem[0x00000002] = 0x00000000,
dmem[0x00000003] = 0x00000000,
r[10] = 0x000007bb,
r[ 0] = 0x0000011c,
dmem[0x00000000] = 0x000000be,
dmem[0x00000001] = 0x00000007,
dmem[0x00000002] = 0x00000000,
dmem[0x00000003] = 0x00000000,
r[10] = 0x000007be,
dmem[0x00000000] = 0x000000bf,
dmem[0x00000001] = 0x00000007,
dmem[0x00000002] = 0x00000000,
dmem[0x00000003] = 0x00000000,
r[10] = 0x000007bf,
r[ 0] = 0x0000011c,
dmem[0x00000000] = 0x000000c2,
dmem[0x00000001] = 0x00000007,
dmem[0x00000002] = 0x00000000,
dmem[0x00000003] = 0x00000000,
r[10] = 0x000007c2,
dmem[0x00000000] = 0x000000e3,
dmem[0x00000001] = 0x00000007,
dmem[0x00000002] = 0x00000000,
dmem[0x00000003] = 0x00000000,
r[10] = 0x000007e3,
r[ 0] = 0x0000011c,
dmem[0x00000000] = 0x000000e6,
dmem[0x00000001] = 0x00000007,
dmem[0x00000002] = 0x00000000,
dmem[0x00000003] = 0x00000000,
r[10] = 0x000007e6,
dmem[0x00000000] = 0x000000e7,
dmem[0x00000001] = 0x00000007,
dmem[0x00000002] = 0x00000000,
dmem[0x00000003] = 0x00000000,
r[10] = 0x000007e7,
r[ 0] = 0x0000011c,
dmem[0x00000000] = 0x000000ea,
dmem[0x00000001] = 0x00000007,
dmem[0x00000002] = 0x00000000,
dmem[0x00000003] = 0x00000000,
r[10] = 0x000007ea,
dmem[0x00000000] = 0x000000eb,
dmem[0x00000001] = 0x00000007,
dmem[0x00000002] = 0x00000000,
dmem[0x00000003] = 0x00000000,
r[10] = 0x000007eb,
r[ 0] = 0x0000011c,
dmem[0x00000000] = 0x000000ee,
dmem[0x00000001] = 0x00000007,
dmem[0x00000002] = 0x00000000,
dmem[0x00000003] = 0x00000000,
r[10] = 0x000007ee,
dmem[0x00000000] = 0x000000ef,
dmem[0x00000001] = 0x00000007,
dmem[0x00000002] = 0x00000000,
dmem[0x00000003] = 0x00000000,
r[10] = 0x000007ef,
r[ 0] = 0x0000011c,
dmem[0x00000000] = 0x000000f2,
dmem[0x00000001] = 0x00000007,
dmem[0x00000002] = 0x00000000,
dmem[0x00000003] = 0x00000000,
r[10] = 0x000007f2,
dmem[0x00000000] = 0x000000f3,
dmem[0x00000001] = 0x00000007,
dmem[0x00000002] = 0x00000000,
dmem[0x00000003] = 0x00000000,
r[10] = 0x000007f3,
r[ 0] = 0x0000011c,
dmem[0x00000000] = 0x000000f6,
dmem[0x00000001] = 0x00000007,
dmem[0x00000002] = 0x00000000,
dmem[0x00000003] = 0x00000000,
r[10] = 0x000007f6,
dmem[0x00000000] = 0x000000f7,
dmem[0x00000001] = 0x00000007,
dmem[0x00000002] = 0x00000000,
dmem[0x00000003] = 0x00000000,
r[10] = 0x000007f7,
r[ 0] = 0x0000011c,
dmem[0x00000000] = 0x000000fa,
dmem[0x00000001] = 0x00000007,
dmem[0x00000002] = 0x00000000,
dmem[0x00000003] = 0x00000000,
r[10] = 0x000007fa,
dmem[0x00000000] = 0x000000fb,
dmem[0x00000001] = 0x00000007,
dmem[0x00000002] = 0x00000000,
dmem[0x00000003] = 0x00000000,
r[10] = 0x000007fb,
r[ 0] = 0x0000011c,
dmem[0x00000000] = 0x000000fe,
dmem[0x00000001] = 0x00000007,
dmem[0x00000002] = 0x00000000,
dmem[0x00000003] = 0x00000000,
r[10] = 0x000007fe,
dmem[0x00000000] = 0x000000ff,
dmem[0x00000001] = 0x00000007,
dmem[0x00000002] = 0x00000000,
dmem[0x00000003] = 0x00000000,
r[10] = 0x000007ff,
r[ 0] = 0x0000011c,
dmem[0x00000000] = 0x00000002,
dmem[0x00000001] = 0x00000008,
dmem[0x00000002] = 0x00000000,
dmem[0x00000003] = 0x00000000,
r[10] = 0x00000802,
dmem[0x00000000] = 0x000000a3,
dmem[0x00000001] = 0x0000000f,
dmem[0x00000002] = 0x00000000,
dmem[0x00000003] = 0x00000000,
r[10] = 0x00000fa3,
r[ 0] = 0x0000011c,
dmem[0x00000000] = 0x000000a6,
dmem[0x00000001] = 0x0000000f,
dmem[0x00000002] = 0x00000000,
dmem[0x00000003] = 0x00000000,
r[10] = 0x00000fa6,
dmem[0x00000000] = 0x000000a7,
dmem[0x00000001] = 0x0000000f,
dmem[0x00000002] = 0x00000000,
dmem[0x00000003] = 0x00000000,
r[10] = 0x00000fa7,
r[ 0] = 0x0000011c,
dmem[0x00000000] = 0x000000aa,
dmem[0x00000001] = 0x0000000f,
dmem[0x00000002] = 0x00000000,
dmem[0x00000003] = 0x00000000,
r[10] = 0x00000faa,
dmem[0x00000000] = 0x000000ab,
dmem[0x00000001] = 0x0000000f,
dmem[0x00000002] = 0x00000000,
dmem[0x00000003] = 0x00000000,
r[10] = 0x00000fab,
r[ 0] = 0x0000011c,
dmem[0x00000000] = 0x000000ae,
dmem[0x00000001] = 0x0000000f,
dmem[0x00000002] = 0x00000000,
dmem[0x00000003] = 0x00000000,
r[10] = 0x00000fae,
dmem[0x00000000] = 0x000000af,
dmem[0x00000001] = 0x0000000f,
dmem[0x00000002] = 0x00000000,
dmem[0x00000003] = 0x00000000,
r[10] = 0x00000faf,
r[ 0] = 0x0000011c,
dmem[0x00000000] = 0x000000b2,
dmem[0x00000001] = 0x0000000f,
dmem[0x00000002] = 0x00000000,
dmem[0x00000003] = 0x00000000,
r[10] = 0x00000fb2,
dmem[0x00000000] = 0x000000b3,
dmem[0x00000001] = 0x0000000f,
dmem[0x00000002] = 0x00000000,
dmem[0x00000003] = 0x00000000,
r[10] = 0x00000fb3,
r[ 0] = 0x0000011c,
dmem[0x00000000] = 0x000000b6,
dmem[0x00000001] = 0x0000000f,
dmem[0x00000002] = 0x00000000,
dmem[0x00000003] = 0x00000000,
r[10] = 0x00000fb6,
dmem[0x00000000] = 0x000000b7,
dmem[0x00000001] = 0x0000000f,
dmem[0x00000002] = 0x00000000,
dmem[0x00000003] = 0x00000000,
r[10] = 0x00000fb7,
r[ 0] = 0x0000011c,
dmem[0x00000000] = 0x000000ba,
dmem[0x00000001] = 0x0000000f,
dmem[0x00000002] = 0x00000000,
dmem[0x00000003] = 0x00000000,
r[10] = 0x00000fba,
dmem[0x00000000] = 0x000000bb,
dmem[0x00000001] = 0x0000000f,
dmem[0x00000002] = 0x00000000,
dmem[0x00000003] = 0x00000000,
r[10] = 0x00000fbb,
r[ 0] = 0x0000011c,
dmem[0x00000000] = 0x000000be,
dmem[0x00000001] = 0x0000000f,
dmem[0x00000002] = 0x00000000,
dmem[0x00000003] = 0x00000000,
r[10] = 0x00000fbe,
dmem[0x00000000] = 0x000000bf,
dmem[0x00000001] = 0x0000000f,
dmem[0x00000002] = 0x00000000,
dmem[0x00000003] = 0x00000000,
r[10] = 0x00000fbf,
r[ 0] = 0x0000011c,
dmem[0x00000000] = 0x000000c2,
dmem[0x00000001] = 0x0000000f,
dmem[0x00000002] = 0x00000000,
dmem[0x00000003] = 0x00000000,
r[10] = 0x00000fc2,
dmem[0x00000000] = 0x000000e3,
dmem[0x00000001] = 0x0000000f,
dmem[0x00000002] = 0x00000000,
dmem[0x00000003] = 0x00000000,
r[10] = 0x00000fe3,
r[ 0] = 0x0000011c,
dmem[0x00000000] = 0x000000e6,
dmem[0x00000001] = 0x0000000f,
dmem[0x00000002] = 0x00000000,
dmem[0x00000003] = 0x00000000,
r[10] = 0x00000fe6,
dmem[0x00000000] = 0x000000e7,
dmem[0x00000001] = 0x0000000f,
dmem[0x00000002] = 0x00000000,
dmem[0x00000003] = 0x00000000,
r[10] = 0x00000fe7,
r[ 0] = 0x0000011c,
dmem[0x00000000] = 0x000000ea,
dmem[0x00000001] = 0x0000000f,
dmem[0x00000002] = 0x00000000,
dmem[0x00000003] = 0x00000000,
r[10] = 0x00000fea,
dmem[0x00000000] = 0x000000eb,
dmem[0x00000001] = 0x0000000f,
dmem[0x00000002] = 0x00000000,
dmem[0x00000003] = 0x00000000,
r[10] = 0x00000feb,
r[ 0] = 0x0000011c,
dmem[0x00000000] = 0x000000ee,
dmem[0x00000001] = 0x0000000f,
dmem[0x00000002] = 0x00000000,
dmem[0x00000003] = 0x00000000,
r[10] = 0x00000fee,
dmem[0x00000000] = 0x000000ef,
dmem[0x00000001] = 0x0000000f,
dmem[0x00000002] = 0x00000000,
dmem[0x00000003] = 0x00000000,
r[10] = 0x00000fef,
r[ 0] = 0x0000011c,
dmem[0x00000000] = 0x000000f2,
dmem[0x00000001] = 0x0000000f,
dmem[0x00000002] = 0x00000000,
dmem[0x00000003] = 0x00000000,
r[10] = 0x00000ff2,
dmem[0x00000000] = 0x000000f3,
dmem[0x00000001] = 0x0000000f,
dmem[0x00000002] = 0x00000000,
dmem[0x00000003] = 0x00000000,
r[10] = 0x00000ff3,
r[ 0] = 0x0000011c,
dmem[0x00000000] = 0x000000f6,
dmem[0x00000001] = 0x0000000f,
dmem[0x00000002] = 0x00000000,
dmem[0x00000003] = 0x00000000,
r[10] = 0x00000ff6,
dmem[0x00000000] = 0x000000f7,
dmem[0x00000001] = 0x0000000f,
dmem[0x00000002] = 0x00000000,
dmem[0x00000003] = 0x00000000,
r[10] = 0x00000ff7,
r[ 0] = 0x0000011c,
dmem[0x00000000] = 0x000000fa,
dmem[0x00000001] = 0x0000000f,
dmem[0x00000002] = 0x00000000,
dmem[0x00000003] = 0x00000000,
r[10] = 0x00000ffa,
dmem[0x00000000] = 0x000000fb,
dmem[0x00000001] = 0x0000000f,
dmem[0x00000002] = 0x00000000,
dmem[0x00000003] = 0x00000000,
r[10] = 0x00000ffb,
r[ 0] = 0x0000011c,
dmem[0x00000000] = 0x000000fe,
dmem[0x00000001] = 0x0000000f,
dmem[0x00000002] = 0x00000000,
dmem[0x00000003] = 0x00000000,
r[10] = 0x00000ffe,
dmem[0x00000000] = 0x000000ff,
dmem[0x00000001] = 0x0000000f,
dmem[0x00000002] = 0x00000000,
dmem[0x00000003] = 0x00000000,
r[10] = 0x00000fff,
r[ 0] = 0x0000011c,
dmem[0x00000000] = 0x00000002,
dmem[0x00000001] = 0x00000010,
dmem[0x00000002] = 0x00000000,
dmem[0x00000003] = 0x00000000,
r[10] = 0x00001002,
dmem[0x00000000] = 0x000000a3,
dmem[0x00000001] = 0x00000017,
dmem[0x00000002] = 0x00000000,
dmem[0x00000003] = 0x00000000,
r[10] = 0x000017a3,
r[ 0] = 0x0000011c,
dmem[0x00000000] = 0x000000a6,
dmem[0x00000001] = 0x00000017,
dmem[0x00000002] = 0x00000000,
dmem[0x00000003] = 0x00000000,
r[10] = 0x000017a6,
dmem[0x00000000] = 0x000000a7,
dmem[0x00000001] = 0x00000017,
dmem[0x00000002] = 0x00000000,
dmem[0x00000003] = 0x00000000,
r[10] = 0x000017a7,
r[ 0] = 0x0000011c,
dmem[0x00000000] = 0x000000aa,
dmem[0x00000001] = 0x00000017,
dmem[0x00000002] = 0x00000000,
dmem[0x00000003] = 0x00000000,
r[10] = 0x000017aa,
dmem[0x00000000] = 0x000000ab,
dmem[0x00000001] = 0x00000017,
dmem[0x00000002] = 0x00000000,
dmem[0x00000003] = 0x00000000,
r[10] = 0x000017ab,
r[ 0] = 0x0000011c,
dmem[0x00000000] = 0x000000ae,
dmem[0x00000001] = 0x00000017,
dmem[0x00000002] = 0x00000000,
dmem[0x00000003] = 0x00000000,
r[10] = 0x000017ae,
dmem[0x00000000] = 0x000000af,
dmem[0x00000001] = 0x00000017,
dmem[0x00000002] = 0x00000000,
dmem[0x00000003] = 0x00000000,
r[10] = 0x000017af,
r[ 0] = 0x0000011c,
dmem[0x00000000] = 0x000000b2,
dmem[0x00000001] = 0x00000017,
dmem[0x00000002] = 0x00000000,
dmem[0x00000003] = 0x00000000,
r[10] = 0x000017b2,
dmem[0x00000000] = 0x000000b3,
dmem[0x00000001] = 0x00000017,
dmem[0x00000002] = 0x00000000,
dmem[0x00000003] = 0x00000000,
r[10] = 0x000017b3,
r[ 0] = 0x0000011c,
dmem[0x00000000] = 0x000000b6,
dmem[0x00000001] = 0x00000017,
dmem[0x00000002] = 0x00000000,
dmem[0x00000003] = 0x00000000,
r[10] = 0x000017b6,
dmem[0x00000000] = 0x000000b7,
dmem[0x00000001] = 0x00000017,
dmem[0x00000002] = 0x00000000,
dmem[0x00000003] = 0x00000000,
r[10] = 0x000017b7,
r[ 0] = 0x0000011c,
dmem[0x00000000] = 0x000000ba,
dmem[0x00000001] = 0x00000017,
dmem[0x00000002] = 0x00000000,
dmem[0x00000003] = 0x00000000,
r[10] = 0x000017ba,
dmem[0x00000000] = 0x000000bb,
dmem[0x00000001] = 0x00000017,
dmem[0x00000002] = 0x00000000,
dmem[0x00000003] = 0x00000000,
r[10] = 0x000017bb,
r[ 0] = 0x0000011c,
dmem[0x00000000] = 0x000000be,
dmem[0x00000001] = 0x00000017,
dmem[0x00000002] = 0x00000000,
dmem[0x00000003] = 0x00000000,
r[10] = 0x000017be,
dmem[0x00000000] = 0x000000bf,
dmem[0x00000001] = 0x00000017,
dmem[0x00000002] = 0x00000000,
dmem[0x00000003] = 0x00000000,
r[10] = 0x000017bf,
r[ 0] = 0x0000011c,
dmem[0x00000000] = 0x000000c2,
dmem[0x00000001] = 0x00000017,
dmem[0x00000002] = 0x00000000,
dmem[0x00000003] = 0x00000000,
r[10] = 0x000017c2,
dmem[0x00000000] = 0x000000e3,
dmem[0x00000001] = 0x00000017,
dmem[0x00000002] = 0x00000000,
dmem[0x00000003] = 0x00000000,
r[10] = 0x000017e3,
r[ 0] = 0x0000011c,
dmem[0x00000000] = 0x000000e6,
dmem[0x00000001] = 0x00000017,
dmem[0x00000002] = 0x00000000,
dmem[0x00000003] = 0x00000000,
r[10] = 0x000017e6,
dmem[0x00000000] = 0x000000e7,
dmem[0x00000001] = 0x00000017,
dmem[0x00000002] = 0x00000000,
dmem[0x00000003] = 0x00000000,
r[10] = 0x000017e7,
r[ 0] = 0x0000011c,
dmem[0x00000000] = 0x000000ea,
dmem[0x00000001] = 0x00000017,
dmem[0x00000002] = 0x00000000,
dmem[0x00000003] = 0x00000000,
r[10] = 0x000017ea,
dmem[0x00000000] = 0x000000eb,
dmem[0x00000001] = 0x00000017,
dmem[0x00000002] = 0x00000000,
dmem[0x00000003] = 0x00000000,
r[10] = 0x000017eb,
r[ 0] = 0x0000011c,
dmem[0x00000000] = 0x000000ee,
dmem[0x00000001] = 0x00000017,
dmem[0x00000002] = 0x00000000,
dmem[0x00000003] = 0x00000000,
r[10] = 0x000017ee,
dmem[0x00000000] = 0x000000ef,
dmem[0x00000001] = 0x00000017,
dmem[0x00000002] = 0x00000000,
dmem[0x00000003] = 0x00000000,
r[10] = 0x000017ef,
r[ 0] = 0x0000011c,
dmem[0x00000000] = 0x000000f2,
dmem[0x00000001] = 0x00000017,
dmem[0x00000002] = 0x00000000,
dmem[0x00000003] = 0x00000000,
r[10] = 0x000017f2,
dmem[0x00000000] = 0x000000f3,
dmem[0x00000001] = 0x00000017,
dmem[0x00000002] = 0x00000000,
dmem[0x00000003] = 0x00000000,
r[10] = 0x000017f3,
r[ 0] = 0x0000011c,
dmem[0x00000000] = 0x000000f6,
dmem[0x00000001] = 0x00000017,
dmem[0x00000002] = 0x00000000,
dmem[0x00000003] = 0x00000000,
r[10] = 0x000017f6,
dmem[0x00000000] = 0x000000f7,
dmem[0x00000001] = 0x00000017,
dmem[0x00000002] = 0x00000000,
dmem[0x00000003] = 0x00000000,
r[10] = 0x000017f7,
r[ 0] = 0x0000011c,
dmem[0x00000000] = 0x000000fa,
dmem[0x00000001] = 0x00000017,
dmem[0x00000002] = 0x00000000,
dmem[0x00000003] = 0x00000000,
r[10] = 0x000017fa,
dmem[0x00000000] = 0x000000fb,
dmem[0x00000001] = 0x00000017,
dmem[0x00000002] = 0x00000000,
dmem[0x00000003] = 0x00000000,
r[10] = 0x000017fb,
r[ 0] = 0x0000011c,
dmem[0x00000000] = 0x000000fe,
dmem[0x00000001] = 0x00000017,
dmem[0x00000002] = 0x00000000,
dmem[0x00000003] = 0x00000000,
r[10] = 0x000017fe,
dmem[0x00000000] = 0x000000ff,
dmem[0x00000001] = 0x00000017,
dmem[0x00000002] = 0x00000000,
dmem[0x00000003] = 0x00000000,
r[10] = 0x000017ff,
r[ 0] = 0x0000011c,
dmem[0x00000000] = 0x00000002,
dmem[0x00000001] = 0x00000018,
dmem[0x00000002] = 0x00000000,
dmem[0x00000003] = 0x00000000,
r[10] = 0x00001802,
dmem[0x00000000] = 0x000000a3,
dmem[0x00000001] = 0x0000001f,
dmem[0x00000002] = 0x00000000,
dmem[0x00000003] = 0x00000000,
r[10] = 0x00001fa3,
r[ 0] = 0x0000011c,
dmem[0x00000000] = 0x000000a6,
dmem[0x00000001] = 0x0000001f,
dmem[0x00000002] = 0x00000000,
dmem[0x00000003] = 0x00000000,
r[10] = 0x00001fa6,
dmem[0x00000000] = 0x000000a7,
dmem[0x00000001] = 0x0000001f,
dmem[0x00000002] = 0x00000000,
dmem[0x00000003] = 0x00000000,
r[10] = 0x00001fa7,
r[ 0] = 0x0000011c,
dmem[0x00000000] = 0x000000aa,
dmem[0x00000001] = 0x0000001f,
dmem[0x00000002] = 0x00000000,
dmem[0x00000003] = 0x00000000,
r[10] = 0x00001faa,
dmem[0x00000000] = 0x000000ab,
dmem[0x00000001] = 0x0000001f,
dmem[0x00000002] = 0x00000000,
dmem[0x00000003] = 0x00000000,
r[10] = 0x00001fab,
r[ 0] = 0x0000011c,
dmem[0x00000000] = 0x000000ae,
dmem[0x00000001] = 0x0000001f,
dmem[0x00000002] = 0x00000000,
dmem[0x00000003] = 0x00000000,
r[10] = 0x00001fae,
dmem[0x00000000] = 0x000000af,
dmem[0x00000001] = 0x0000001f,
dmem[0x00000002] = 0x00000000,
dmem[0x00000003] = 0x00000000,
r[10] = 0x00001faf,
r[ 0] = 0x0000011c,
dmem[0x00000000] = 0x000000b2,
dmem[0x00000001] = 0x0000001f,
dmem[0x00000002] = 0x00000000,
dmem[0x00000003] = 0x00000000,
r[10] = 0x00001fb2,
dmem[0x00000000] = 0x000000b3,
dmem[0x00000001] = 0x0000001f,
dmem[0x00000002] = 0x00000000,
dmem[0x00000003] = 0x00000000,
r[10] = 0x00001fb3,
r[ 0] = 0x0000011c,
dmem[0x00000000] = 0x000000b6,
dmem[0x00000001] = 0x0000001f,
dmem[0x00000002] = 0x00000000,
dmem[0x00000003] = 0x00000000,
r[10] = 0x00001fb6,
dmem[0x00000000] = 0x000000b7,
dmem[0x00000001] = 0x0000001f,
dmem[0x00000002] = 0x00000000,
dmem[0x00000003] = 0x00000000,
r[10] = 0x00001fb7,
r[ 0] = 0x0000011c,
dmem[0x00000000] = 0x000000ba,
dmem[0x00000001] = 0x0000001f,
dmem[0x00000002] = 0x00000000,
dmem[0x00000003] = 0x00000000,
r[10] = 0x00001fba,
dmem[0x00000000] = 0x000000bb,
dmem[0x00000001] = 0x0000001f,
dmem[0x00000002] = 0x00000000,
dmem[0x00000003] = 0x00000000,
r[10] = 0x00001fbb,
r[ 0] = 0x0000011c,
dmem[0x00000000] = 0x000000be,
dmem[0x00000001] = 0x0000001f,
dmem[0x00000002] = 0x00000000,
dmem[0x00000003] = 0x00000000,
r[10] = 0x00001fbe,
dmem[0x00000000] = 0x000000bf,
dmem[0x00000001] = 0x0000001f,
dmem[0x00000002] = 0x00000000,
dmem[0x00000003] = 0x00000000,
r[10] = 0x00001fbf,
r[ 0] = 0x0000011c,
dmem[0x00000000] = 0x000000c2,
dmem[0x00000001] = 0x0000001f,
dmem[0x00000002] = 0x00000000,
dmem[0x00000003] = 0x00000000,
r[10] = 0x00001fc2,
dmem[0x00000000] = 0x000000e3,
dmem[0x00000001] = 0x0000001f,
dmem[0x00000002] = 0x00000000,
dmem[0x00000003] = 0x00000000,
r[10] = 0x00001fe3,
r[ 0] = 0x0000011c,
dmem[0x00000000] = 0x000000e6,
dmem[0x00000001] = 0x0000001f,
dmem[0x00000002] = 0x00000000,
dmem[0x00000003] = 0x00000000,
r[10] = 0x00001fe6,
dmem[0x00000000] = 0x000000e7,
dmem[0x00000001] = 0x0000001f,
dmem[0x00000002] = 0x00000000,
dmem[0x00000003] = 0x00000000,
r[10] = 0x00001fe7,
r[ 0] = 0x0000011c,
dmem[0x00000000] = 0x000000ea,
dmem[0x00000001] = 0x0000001f,
dmem[0x00000002] = 0x00000000,
dmem[0x00000003] = 0x00000000,
r[10] = 0x00001fea,
dmem[0x00000000] = 0x000000eb,
dmem[0x00000001] = 0x0000001f,
dmem[0x00000002] = 0x00000000,
dmem[0x00000003] = 0x00000000,
r[10] = 0x00001feb,
r[ 0] = 0x0000011c,
dmem[0x00000000] = 0x000000ee,
dmem[0x00000001] = 0x0000001f,
dmem[0x00000002] = 0x00000000,
dmem[0x00000003] = 0x00000000,
r[10] = 0x00001fee,
dmem[0x00000000] = 0x000000ef,
dmem[0x00000001] = 0x0000001f,
dmem[0x00000002] = 0x00000000,
dmem[0x00000003] = 0x00000000,
r[10] = 0x00001fef,
r[ 0] = 0x0000011c,
dmem[0x00000000] = 0x000000f2,
dmem[0x00000001] = 0x0000001f,
dmem[0x00000002] = 0x00000000,
dmem[0x00000003] = 0x00000000,
r[10] = 0x00001ff2,
dmem[0x00000000] = 0x000000f3,
dmem[0x00000001] = 0x0000001f,
dmem[0x00000002] = 0x00000000,
dmem[0x00000003] = 0x00000000,
r[10] = 0x00001ff3,
r[ 0] = 0x0000011c,
dmem[0x00000000] = 0x000000f6,
dmem[0x00000001] = 0x0000001f,
dmem[0x00000002] = 0x00000000,
dmem[0x00000003] = 0x00000000,
r[10] = 0x00001ff6,
dmem[0x00000000] = 0x000000f7,
dmem[0x00000001] = 0x0000001f,
dmem[0x00000002] = 0x00000000,
dmem[0x00000003] = 0x00000000,
r[10] = 0x00001ff7,
r[ 0] = 0x0000011c,
dmem[0x00000000] = 0x000000fa,
dmem[0x00000001] = 0x0000001f,
dmem[0x00000002] = 0x00000000,
dmem[0x00000003] = 0x00000000,
r[10] = 0x00001ffa,
dmem[0x00000000] = 0x000000fb,
dmem[0x00000001] = 0x0000001f,
dmem[0x00000002] = 0x00000000,
dmem[0x00000003] = 0x00000000,
r[10] = 0x00001ffb,
r[ 0] = 0x0000011c,
dmem[0x00000000] = 0x000000fe,
dmem[0x00000001] = 0x0000001f,
dmem[0x00000002] = 0x00000000,
dmem[0x00000003] = 0x00000000,
r[10] = 0x00001ffe,
dmem[0x00000000] = 0x000000ff,
dmem[0x00000001] = 0x0000001f,
dmem[0x00000002] = 0x00000000,
dmem[0x00000003] = 0x00000000,
r[10] = 0x00001fff,
r[ 0] = 0x0000011c,
dmem[0x00000000] = 0x00000002,
dmem[0x00000001] = 0x00000020,
dmem[0x00000002] = 0x00000000,
dmem[0x00000003] = 0x00000000,
r[10] = 0x00002002,
dmem[0x00000000] = 0x000000a3,
dmem[0x00000001] = 0x00000027,
dmem[0x00000002] = 0x00000000,
dmem[0x00000003] = 0x00000000,
r[10] = 0x000027a3,
r[ 0] = 0x0000011c,
dmem[0x00000000] = 0x000000a6,
dmem[0x00000001] = 0x00000027,
dmem[0x00000002] = 0x00000000,
dmem[0x00000003] = 0x00000000,
r[10] = 0x000027a6,
dmem[0x00000000] = 0x000000a7,
dmem[0x00000001] = 0x00000027,
dmem[0x00000002] = 0x00000000,
dmem[0x00000003] = 0x00000000,
r[10] = 0x000027a7,
r[ 0] = 0x0000011c,
dmem[0x00000000] = 0x000000aa,
dmem[0x00000001] = 0x00000027,
dmem[0x00000002] = 0x00000000,
dmem[0x00000003] = 0x00000000,
r[10] = 0x000027aa,
dmem[0x00000000] = 0x000000ab,
dmem[0x00000001] = 0x00000027,
dmem[0x00000002] = 0x00000000,
dmem[0x00000003] = 0x00000000,
r[10] = 0x000027ab,
r[ 0] = 0x0000011c,
dmem[0x00000000] = 0x000000ae,
dmem[0x00000001] = 0x00000027,
dmem[0x00000002] = 0x00000000,
dmem[0x00000003] = 0x00000000,
r[10] = 0x000027ae,
dmem[0x00000000] = 0x000000af,
dmem[0x00000001] = 0x00000027,
dmem[0x00000002] = 0x00000000,
dmem[0x00000003] = 0x00000000,
r[10] = 0x000027af,
r[ 0] = 0x0000011c,
dmem[0x00000000] = 0x000000b2,
dmem[0x00000001] = 0x00000027,
dmem[0x00000002] = 0x00000000,
dmem[0x00000003] = 0x00000000,
r[10] = 0x000027b2,
dmem[0x00000000] = 0x000000b3,
dmem[0x00000001] = 0x00000027,
dmem[0x00000002] = 0x00000000,
dmem[0x00000003] = 0x00000000,
r[10] = 0x000027b3,
r[ 0] = 0x0000011c,
dmem[0x00000000] = 0x000000b6,
dmem[0x00000001] = 0x00000027,
dmem[0x00000002] = 0x00000000,
dmem[0x00000003] = 0x00000000,
r[10] = 0x000027b6,
dmem[0x00000000] = 0x000000b7,
dmem[0x00000001] = 0x00000027,
dmem[0x00000002] = 0x00000000,
dmem[0x00000003] = 0x00000000,
r[10] = 0x000027b7,
r[ 0] = 0x0000011c,
dmem[0x00000000] = 0x000000ba,
dmem[0x00000001] = 0x00000027,
dmem[0x00000002] = 0x00000000,
dmem[0x00000003] = 0x00000000,
r[10] = 0x000027ba,
dmem[0x00000000] = 0x000000bb,
dmem[0x00000001] = 0x00000027,
dmem[0x00000002] = 0x00000000,
dmem[0x00000003] = 0x00000000,
r[10] = 0x000027bb,
r[ 0] = 0x0000011c,
dmem[0x00000000] = 0x000000be,
dmem[0x00000001] = 0x00000027,
dmem[0x00000002] = 0x00000000,
dmem[0x00000003] = 0x00000000,
r[10] = 0x000027be,
dmem[0x00000000] = 0x000000bf,
dmem[0x00000001] = 0x00000027,
dmem[0x00000002] = 0x00000000,
dmem[0x00000003] = 0x00000000,
r[10] = 0x000027bf,
r[ 0] = 0x0000011c,
dmem[0x00000000] = 0x000000c2,
dmem[0x00000001] = 0x00000027,
dmem[0x00000002] = 0x00000000,
dmem[0x00000003] = 0x00000000,
r[10] = 0x000027c2,
dmem[0x00000000] = 0x000000e3,
dmem[0x00000001] = 0x00000027,
dmem[0x00000002] = 0x00000000,
dmem[0x00000003] = 0x00000000,
r[10] = 0x000027e3,
r[ 0] = 0x0000011c,
dmem[0x00000000] = 0x000000e6,
dmem[0x00000001] = 0x00000027,
dmem[0x00000002] = 0x00000000,
dmem[0x00000003] = 0x00000000,
r[10] = 0x000027e6,
dmem[0x00000000] = 0x000000e7,
dmem[0x00000001] = 0x00000027,
dmem[0x00000002] = 0x00000000,
dmem[0x00000003] = 0x00000000,
r[10] = 0x000027e7,
r[ 0] = 0x0000011c,
dmem[0x00000000] = 0x000000ea,
dmem[0x00000001] = 0x00000027,
dmem[0x00000002] = 0x00000000,
dmem[0x00000003] = 0x00000000,
r[10] = 0x000027ea,
dmem[0x00000000] = 0x000000eb,
dmem[0x00000001] = 0x00000027,
dmem[0x00000002] = 0x00000000,
dmem[0x00000003] = 0x00000000,
r[10] = 0x000027eb,
r[ 0] = 0x0000011c,
dmem[0x00000000] = 0x000000ee,
dmem[0x00000001] = 0x00000027,
dmem[0x00000002] = 0x00000000,
dmem[0x00000003] = 0x00000000,
r[10] = 0x000027ee,
dmem[0x00000000] = 0x000000ef,
dmem[0x00000001] = 0x00000027,
dmem[0x00000002] = 0x00000000,
dmem[0x00000003] = 0x00000000,
r[10] = 0x000027ef,
r[ 0] = 0x0000011c,
dmem[0x00000000] = 0x000000f2,
dmem[0x00000001] = 0x00000027,
dmem[0x00000002] = 0x00000000,
dmem[0x00000003] = 0x00000000,
r[10] = 0x000027f2,
dmem[0x00000000] = 0x000000f3,
dmem[0x00000001] = 0x00000027,
dmem[0x00000002] = 0x00000000,
dmem[0x00000003] = 0x00000000,
r[10] = 0x000027f3,
r[ 0] = 0x0000011c,
dmem[0x00000000] = 0x000000f6,
dmem[0x00000001] = 0x00000027,
dmem[0x00000002] = 0x00000000,
dmem[0x00000003] = 0x00000000,
r[10] = 0x000027f6,
dmem[0x00000000] = 0x000000f7,
dmem[0x00000001] = 0x00000027,
dmem[0x00000002] = 0x00000000,
dmem[0x00000003] = 0x00000000,
r[10] = 0x000027f7,
r[ 0] = 0x0000011c,
dmem[0x00000000] = 0x000000fa,
dmem[0x00000001] = 0x00000027,
dmem[0x00000002] = 0x00000000,
dmem[0x00000003] = 0x00000000,
r[10] = 0x000027fa,
dmem[0x00000000] = 0x000000fb,
dmem[0x00000001] = 0x00000027,
dmem[0x00000002] = 0x00000000,
dmem[0x00000003] = 0x00000000,
r[10] = 0x000027fb,
r[ 0] = 0x0000011c,
dmem[0x00000000] = 0x000000fe,
dmem[0x00000001] = 0x00000027,
dmem[0x00000002] = 0x00000000,
dmem[0x00000003] = 0x00000000,
r[10] = 0x000027fe,
dmem[0x00000000] = 0x000000ff,
dmem[0x00000001] = 0x00000027,
dmem[0x00000002] = 0x00000000,
dmem[0x00000003] = 0x00000000,
r[10] = 0x000027ff,
r[ 0] = 0x0000011c,
dmem[0x00000000] = 0x00000002,
dmem[0x00000001] = 0x00000028,
dmem[0x00000002] = 0x00000000,
dmem[0x00000003] = 0x00000000,
r[10] = 0x00002802,
dmem[0x00000000] = 0x000000a3,
dmem[0x00000001] = 0x0000002f,
dmem[0x00000002] = 0x00000000,
dmem[0x00000003] = 0x00000000,
r[10] = 0x00002fa3,
r[ 0] = 0x0000011c,
dmem[0x00000000] = 0x000000a6,
dmem[0x00000001] = 0x0000002f,
dmem[0x00000002] = 0x00000000,
dmem[0x00000003] = 0x00000000,
r[10] = 0x00002fa6,
dmem[0x00000000] = 0x000000a7,
dmem[0x00000001] = 0x0000002f,
dmem[0x00000002] = 0x00000000,
dmem[0x00000003] = 0x00000000,
r[10] = 0x00002fa7,
r[ 0] = 0x0000011c,
dmem[0x00000000] = 0x000000aa,
dmem[0x00000001] = 0x0000002f,
dmem[0x00000002] = 0x00000000,
dmem[0x00000003] = 0x00000000,
r[10] = 0x00002faa,
dmem[0x00000000] = 0x000000ab,
dmem[0x00000001] = 0x0000002f,
dmem[0x00000002] = 0x00000000,
dmem[0x00000003] = 0x00000000,
r[10] = 0x00002fab,
r[ 0] = 0x0000011c,
dmem[0x00000000] = 0x000000ae,
dmem[0x00000001] = 0x0000002f,
dmem[0x00000002] = 0x00000000,
dmem[0x00000003] = 0x00000000,
r[10] = 0x00002fae,
dmem[0x00000000] = 0x000000af,
dmem[0x00000001] = 0x0000002f,
dmem[0x00000002] = 0x00000000,
dmem[0x00000003] = 0x00000000,
r[10] = 0x00002faf,
r[ 0] = 0x0000011c,
dmem[0x00000000] = 0x000000b2,
dmem[0x00000001] = 0x0000002f,
dmem[0x00000002] = 0x00000000,
dmem[0x00000003] = 0x00000000,
r[10] = 0x00002fb2,
dmem[0x00000000] = 0x000000b3,
dmem[0x00000001] = 0x0000002f,
dmem[0x00000002] = 0x00000000,
dmem[0x00000003] = 0x00000000,
r[10] = 0x00002fb3,
r[ 0] = 0x0000011c,
dmem[0x00000000] = 0x000000b6,
dmem[0x00000001] = 0x0000002f,
dmem[0x00000002] = 0x00000000,
dmem[0x00000003] = 0x00000000,
r[10] = 0x00002fb6,
dmem[0x00000000] = 0x000000b7,
dmem[0x00000001] = 0x0000002f,
dmem[0x00000002] = 0x00000000,
dmem[0x00000003] = 0x00000000,
r[10] = 0x00002fb7,
r[ 0] = 0x0000011c,
dmem[0x00000000] = 0x000000ba,
dmem[0x00000001] = 0x0000002f,
dmem[0x00000002] = 0x00000000,
dmem[0x00000003] = 0x00000000,
r[10] = 0x00002fba,
dmem[0x00000000] = 0x000000bb,
dmem[0x00000001] = 0x0000002f,
dmem[0x00000002] = 0x00000000,
dmem[0x00000003] = 0x00000000,
r[10] = 0x00002fbb,
r[ 0] = 0x0000011c,
dmem[0x00000000] = 0x000000be,
dmem[0x00000001] = 0x0000002f,
dmem[0x00000002] = 0x00000000,
dmem[0x00000003] = 0x00000000,
r[10] = 0x00002fbe,
dmem[0x00000000] = 0x000000bf,
dmem[0x00000001] = 0x0000002f,
dmem[0x00000002] = 0x00000000,
dmem[0x00000003] = 0x00000000,
r[10] = 0x00002fbf,
r[ 0] = 0x0000011c,
dmem[0x00000000] = 0x000000c2,
dmem[0x00000001] = 0x0000002f,
dmem[0x00000002] = 0x00000000,
dmem[0x00000003] = 0x00000000,
r[10] = 0x00002fc2,
dmem[0x00000000] = 0x000000e3,
dmem[0x00000001] = 0x0000002f,
dmem[0x00000002] = 0x00000000,
dmem[0x00000003] = 0x00000000,
r[10] = 0x00002fe3,
r[ 0] = 0x0000011c,
dmem[0x00000000] = 0x000000e6,
dmem[0x00000001] = 0x0000002f,
dmem[0x00000002] = 0x00000000,
dmem[0x00000003] = 0x00000000,
r[10] = 0x00002fe6,
dmem[0x00000000] = 0x000000e7,
dmem[0x00000001] = 0x0000002f,
dmem[0x00000002] = 0x00000000,
dmem[0x00000003] = 0x00000000,
r[10] = 0x00002fe7,
r[ 0] = 0x0000011c,
dmem[0x00000000] = 0x000000ea,
dmem[0x00000001] = 0x0000002f,
dmem[0x00000002] = 0x00000000,
dmem[0x00000003] = 0x00000000,
r[10] = 0x00002fea,
dmem[0x00000000] = 0x000000eb,
dmem[0x00000001] = 0x0000002f,
dmem[0x00000002] = 0x00000000,
dmem[0x00000003] = 0x00000000,
r[10] = 0x00002feb,
r[ 0] = 0x0000011c,
dmem[0x00000000] = 0x000000ee,
dmem[0x00000001] = 0x0000002f,
dmem[0x00000002] = 0x00000000,
dmem[0x00000003] = 0x00000000,
r[10] = 0x00002fee,
dmem[0x00000000] = 0x000000ef,
dmem[0x00000001] = 0x0000002f,
dmem[0x00000002] = 0x00000000,
dmem[0x00000003] = 0x00000000,
r[10] = 0x00002fef,
r[ 0] = 0x0000011c,
dmem[0x00000000] = 0x000000f2,
dmem[0x00000001] = 0x0000002f,
dmem[0x00000002] = 0x00000000,
dmem[0x00000003] = 0x00000000,
r[10] = 0x00002ff2,
dmem[0x00000000] = 0x000000f3,
dmem[0x00000001] = 0x0000002f,
dmem[0x00000002] = 0x00000000,
dmem[0x00000003] = 0x00000000,
r[10] = 0x00002ff3,
r[ 0] = 0x0000011c,
dmem[0x00000000] = 0x000000f6,
dmem[0x00000001] = 0x0000002f,
dmem[0x00000002] = 0x00000000,
dmem[0x00000003] = 0x00000000,
r[10] = 0x00002ff6,
dmem[0x00000000] = 0x000000f7,
dmem[0x00000001] = 0x0000002f,
dmem[0x00000002] = 0x00000000,
dmem[0x00000003] = 0x00000000,
r[10] = 0x00002ff7,
r[ 0] = 0x0000011c,
dmem[0x00000000] = 0x000000fa,
dmem[0x00000001] = 0x0000002f,
dmem[0x00000002] = 0x00000000,
dmem[0x00000003] = 0x00000000,
r[10] = 0x00002ffa,
dmem[0x00000000] = 0x000000fb,
dmem[0x00000001] = 0x0000002f,
dmem[0x00000002] = 0x00000000,
dmem[0x00000003] = 0x00000000,
r[10] = 0x00002ffb,
r[ 0] = 0x0000011c,
dmem[0x00000000] = 0x000000fe,
dmem[0x00000001] = 0x0000002f,
dmem[0x00000002] = 0x00000000,
dmem[0x00000003] = 0x00000000,
r[10] = 0x00002ffe,
dmem[0x00000000] = 0x000000ff,
dmem[0x00000001] = 0x0000002f,
dmem[0x00000002] = 0x00000000,
dmem[0x00000003] = 0x00000000,
r[10] = 0x00002fff,
r[ 0] = 0x0000011c,
dmem[0x00000000] = 0x00000002,
dmem[0x00000001] = 0x00000030,
dmem[0x00000002] = 0x00000000,
dmem[0x00000003] = 0x00000000,
r[10] = 0x00003002,
dmem[0x00000000] = 0x000000a3,
dmem[0x00000001] = 0x00000037,
dmem[0x00000002] = 0x00000000,
dmem[0x00000003] = 0x00000000,
r[10] = 0x000037a3,
r[ 0] = 0x0000011c,
dmem[0x00000000] = 0x000000a6,
dmem[0x00000001] = 0x00000037,
dmem[0x00000002] = 0x00000000,
dmem[0x00000003] = 0x00000000,
r[10] = 0x000037a6,
dmem[0x00000000] = 0x000000a7,
dmem[0x00000001] = 0x00000037,
dmem[0x00000002] = 0x00000000,
dmem[0x00000003] = 0x00000000,
r[10] = 0x000037a7,
r[ 0] = 0x0000011c,
dmem[0x00000000] = 0x000000aa,
dmem[0x00000001] = 0x00000037,
dmem[0x00000002] = 0x00000000,
dmem[0x00000003] = 0x00000000,
r[10] = 0x000037aa,
dmem[0x00000000] = 0x000000ab,
dmem[0x00000001] = 0x00000037,
dmem[0x00000002] = 0x00000000,
dmem[0x00000003] = 0x00000000,
r[10] = 0x000037ab,
r[ 0] = 0x0000011c,
dmem[0x00000000] = 0x000000ae,
dmem[0x00000001] = 0x00000037,
dmem[0x00000002] = 0x00000000,
dmem[0x00000003] = 0x00000000,
r[10] = 0x000037ae,
dmem[0x00000000] = 0x000000af,
dmem[0x00000001] = 0x00000037,
dmem[0x00000002] = 0x00000000,
dmem[0x00000003] = 0x00000000,
r[10] = 0x000037af,
r[ 0] = 0x0000011c,
dmem[0x00000000] = 0x000000b2,
dmem[0x00000001] = 0x00000037,
dmem[0x00000002] = 0x00000000,
dmem[0x00000003] = 0x00000000,
r[10] = 0x000037b2,
dmem[0x00000000] = 0x000000b3,
dmem[0x00000001] = 0x00000037,
dmem[0x00000002] = 0x00000000,
dmem[0x00000003] = 0x00000000,
r[10] = 0x000037b3,
r[ 0] = 0x0000011c,
dmem[0x00000000] = 0x000000b6,
dmem[0x00000001] = 0x00000037,
dmem[0x00000002] = 0x00000000,
dmem[0x00000003] = 0x00000000,
r[10] = 0x000037b6,
dmem[0x00000000] = 0x000000b7,
dmem[0x00000001] = 0x00000037,
dmem[0x00000002] = 0x00000000,
dmem[0x00000003] = 0x00000000,
r[10] = 0x000037b7,
r[ 0] = 0x0000011c,
dmem[0x00000000] = 0x000000ba,
dmem[0x00000001] = 0x00000037,
dmem[0x00000002] = 0x00000000,
dmem[0x00000003] = 0x00000000,
r[10] = 0x000037ba,
dmem[0x00000000] = 0x000000bb,
dmem[0x00000001] = 0x00000037,
dmem[0x00000002] = 0x00000000,
dmem[0x00000003] = 0x00000000,
r[10] = 0x000037bb,
r[ 0] = 0x0000011c,
dmem[0x00000000] = 0x000000be,
dmem[0x00000001] = 0x00000037,
dmem[0x00000002] = 0x00000000,
dmem[0x00000003] = 0x00000000,
r[10] = 0x000037be,
dmem[0x00000000] = 0x000000bf,
dmem[0x00000001] = 0x00000037,
dmem[0x00000002] = 0x00000000,
dmem[0x00000003] = 0x00000000,
r[10] = 0x000037bf,
r[ 0] = 0x0000011c,
dmem[0x00000000] = 0x000000c2,
dmem[0x00000001] = 0x00000037,
dmem[0x00000002] = 0x00000000,
dmem[0x00000003] = 0x00000000,
r[10] = 0x000037c2,
dmem[0x00000000] = 0x000000e3,
dmem[0x00000001] = 0x00000037,
dmem[0x00000002] = 0x00000000,
dmem[0x00000003] = 0x00000000,
r[10] = 0x000037e3,
r[ 0] = 0x0000011c,
dmem[0x00000000] = 0x000000e6,
dmem[0x00000001] = 0x00000037,
dmem[0x00000002] = 0x00000000,
dmem[0x00000003] = 0x00000000,
r[10] = 0x000037e6,
dmem[0x00000000] = 0x000000e7,
dmem[0x00000001] = 0x00000037,
dmem[0x00000002] = 0x00000000,
dmem[0x00000003] = 0x00000000,
r[10] = 0x000037e7,
r[ 0] = 0x0000011c,
dmem[0x00000000] = 0x000000ea,
dmem[0x00000001] = 0x00000037,
dmem[0x00000002] = 0x00000000,
dmem[0x00000003] = 0x00000000,
r[10] = 0x000037ea,
dmem[0x00000000] = 0x000000eb,
dmem[0x00000001] = 0x00000037,
dmem[0x00000002] = 0x00000000,
dmem[0x00000003] = 0x00000000,
r[10] = 0x000037eb,
r[ 0] = 0x0000011c,
dmem[0x00000000] = 0x000000ee,
dmem[0x00000001] = 0x00000037,
dmem[0x00000002] = 0x00000000,
dmem[0x00000003] = 0x00000000,
r[10] = 0x000037ee,
dmem[0x00000000] = 0x000000ef,
dmem[0x00000001] = 0x00000037,
dmem[0x00000002] = 0x00000000,
dmem[0x00000003] = 0x00000000,
r[10] = 0x000037ef,
r[ 0] = 0x0000011c,
dmem[0x00000000] = 0x000000f2,
dmem[0x00000001] = 0x00000037,
dmem[0x00000002] = 0x00000000,
dmem[0x00000003] = 0x00000000,
r[10] = 0x000037f2,
dmem[0x00000000] = 0x000000f3,
dmem[0x00000001] = 0x00000037,
dmem[0x00000002] = 0x00000000,
dmem[0x00000003] = 0x00000000,
r[10] = 0x000037f3,
r[ 0] = 0x0000011c,
dmem[0x00000000] = 0x000000f6,
dmem[0x00000001] = 0x00000037,
dmem[0x00000002] = 0x00000000,
dmem[0x00000003] = 0x00000000,
r[10] = 0x000037f6,
dmem[0x00000000] = 0x000000f7,
dmem[0x00000001] = 0x00000037,
dmem[0x00000002] = 0x00000000,
dmem[0x00000003] = 0x00000000,
r[10] = 0x000037f7,
r[ 0] = 0x0000011c,
dmem[0x00000000] = 0x000000fa,
dmem[0x00000001] = 0x00000037,
dmem[0x00000002] = 0x00000000,
dmem[0x00000003] = 0x00000000,
r[10] = 0x000037fa,
dmem[0x00000000] = 0x000000fb,
dmem[0x00000001] = 0x00000037,
dmem[0x00000002] = 0x00000000,
dmem[0x00000003] = 0x00000000,
r[10] = 0x000037fb,
r[ 0] = 0x0000011c,
dmem[0x00000000] = 0x000000fe,
dmem[0x00000001] = 0x00000037,
dmem[0x00000002] = 0x00000000,
dmem[0x00000003] = 0x00000000,
r[10] = 0x000037fe,
dmem[0x00000000] = 0x000000ff,
dmem[0x00000001] = 0x00000037,
dmem[0x00000002] = 0x00000000,
dmem[0x00000003] = 0x00000000,
r[10] = 0x000037ff,
r[ 0] = 0x0000011c,
dmem[0x00000000] = 0x00000002,
dmem[0x00000001] = 0x00000038,
dmem[0x00000002] = 0x00000000,
dmem[0x00000003] = 0x00000000,
r[10] = 0x00003802,
dmem[0x00000000] = 0x000000a3,
dmem[0x00000001] = 0x0000003f,
dmem[0x00000002] = 0x00000000,
dmem[0x00000003] = 0x00000000,
r[10] = 0x00003fa3,
r[ 0] = 0x0000011c,
dmem[0x00000000] = 0x000000a6,
dmem[0x00000001] = 0x0000003f,
dmem[0x00000002] = 0x00000000,
dmem[0x00000003] = 0x00000000,
r[10] = 0x00003fa6,
dmem[0x00000000] = 0x000000a7,
dmem[0x00000001] = 0x0000003f,
dmem[0x00000002] = 0x00000000,
dmem[0x00000003] = 0x00000000,
r[10] = 0x00003fa7,
r[ 0] = 0x0000011c,
dmem[0x00000000] = 0x000000aa,
dmem[0x00000001] = 0x0000003f,
dmem[0x00000002] = 0x00000000,
dmem[0x00000003] = 0x00000000,
r[10] = 0x00003faa,
dmem[0x00000000] = 0x000000ab,
dmem[0x00000001] = 0x0000003f,
dmem[0x00000002] = 0x00000000,
dmem[0x00000003] = 0x00000000,
r[10] = 0x00003fab,
r[ 0] = 0x0000011c,
dmem[0x00000000] = 0x000000ae,
dmem[0x00000001] = 0x0000003f,
dmem[0x00000002] = 0x00000000,
dmem[0x00000003] = 0x00000000,
r[10] = 0x00003fae,
dmem[0x00000000] = 0x000000af,
dmem[0x00000001] = 0x0000003f,
dmem[0x00000002] = 0x00000000,
dmem[0x00000003] = 0x00000000,
r[10] = 0x00003faf,
r[ 0] = 0x0000011c,
dmem[0x00000000] = 0x000000b2,
dmem[0x00000001] = 0x0000003f,
dmem[0x00000002] = 0x00000000,
dmem[0x00000003] = 0x00000000,
r[10] = 0x00003fb2,
dmem[0x00000000] = 0x000000b3,
dmem[0x00000001] = 0x0000003f,
dmem[0x00000002] = 0x00000000,
dmem[0x00000003] = 0x00000000,
r[10] = 0x00003fb3,
r[ 0] = 0x0000011c,
dmem[0x00000000] = 0x000000b6,
dmem[0x00000001] = 0x0000003f,
dmem[0x00000002] = 0x00000000,
dmem[0x00000003] = 0x00000000,
r[10] = 0x00003fb6,
dmem[0x00000000] = 0x000000b7,
dmem[0x00000001] = 0x0000003f,
dmem[0x00000002] = 0x00000000,
dmem[0x00000003] = 0x00000000,
r[10] = 0x00003fb7,
r[ 0] = 0x0000011c,
$stop called at time : 4004 ns : File "D:/Git/GITHUB/Single_cycle_CPU/pip code/sccomp_tb.v" Line 36
WARNING: File/Multi-channel descriptor (2) passed to $fclose is not valid. Please compile the design with -debug for source location information.
$stop called at time : 4008 ns : File "D:/Git/GITHUB/Single_cycle_CPU/pip code/sccomp_tb.v" Line 36
