INFO: [VRFC 10-2263] Analyzing Verilog file "D:/Vivado/Sim/pip code/EXT.v" into library xil_defaultlib
INFO: [VRFC 10-311] analyzing module EXT
INFO: [VRFC 10-2263] Analyzing Verilog file "D:/Vivado/Sim/pip code/ForwardingUnit.v" into library xil_defaultlib
INFO: [VRFC 10-311] analyzing module ForwardingUnit
INFO: [VRFC 10-2263] Analyzing Verilog file "D:/Vivado/Sim/pip code/GRE_array.v" into library xil_defaultlib
INFO: [VRFC 10-311] analyzing module GRE_array
INFO: [VRFC 10-2263] Analyzing Verilog file "D:/Vivado/Sim/pip code/HazardDetectionUnit.v" into library xil_defaultlib
INFO: [VRFC 10-311] analyzing module HazardDetectionUnit
INFO: [VRFC 10-2263] Analyzing Verilog file "D:/Vivado/Sim/pip code/NPC.v" into library xil_defaultlib
INFO: [VRFC 10-311] analyzing module NPC
INFO: [VRFC 10-2263] Analyzing Verilog file "D:/Vivado/Sim/pip code/PC.v" into library xil_defaultlib
INFO: [VRFC 10-311] analyzing module PC
INFO: [VRFC 10-2263] Analyzing Verilog file "D:/Vivado/Sim/pip code/RF.v" into library xil_defaultlib
INFO: [VRFC 10-311] analyzing module RF
INFO: [VRFC 10-2263] Analyzing Verilog file "D:/Vivado/Sim/pip code/SCPU.v" into library xil_defaultlib
INFO: [VRFC 10-311] analyzing module SCPU
INFO: [VRFC 10-2263] Analyzing Verilog file "D:/Vivado/Sim/pip code/alu.v" into library xil_defaultlib
INFO: [VRFC 10-311] analyzing module alu
INFO: [VRFC 10-2263] Analyzing Verilog file "D:/Vivado/Sim/pip code/ctrl.v" into library xil_defaultlib
INFO: [VRFC 10-311] analyzing module ctrl
INFO: [VRFC 10-2263] Analyzing Verilog file "D:/Vivado/Sim/pip code/dm.v" into library xil_defaultlib
INFO: [VRFC 10-311] analyzing module dm
INFO: [VRFC 10-2263] Analyzing Verilog file "D:/Vivado/Sim/pip code/im.v" into library xil_defaultlib
INFO: [VRFC 10-311] analyzing module im
INFO: [VRFC 10-2263] Analyzing Verilog file "D:/Vivado/Sim/pip code/sccomp.v" into library xil_defaultlib
INFO: [VRFC 10-311] analyzing module sccomp
INFO: [VRFC 10-2263] Analyzing Verilog file "D:/Vivado/Sim/pip code/sccomp_tb.v" into library xil_defaultlib
INFO: [VRFC 10-311] analyzing module sccomp_tb
