#-----------------------------------------------------------
# Vivado v2023.1 (64-bit)
# SW Build 3865809 on Sun May  7 15:05:29 MDT 2023
# IP Build 3864474 on Sun May  7 20:36:21 MDT 2023
# SharedData Build 3865790 on Sun May 07 13:33:03 MDT 2023
# Start of session at: Mon Apr 22 09:22:14 2024
# Process ID: 8736
# Current directory: D:/Git/GITHUB/Single_cycle_CPU
# Command line: vivado.exe -gui_launcher_event rodinguilauncherevent16264 D:\Git\GITHUB\Single_cycle_CPU\Single_cycle_CPU.xpr
# Log file: D:/Git/GITHUB/Single_cycle_CPU/vivado.log
# Journal file: D:/Git/GITHUB/Single_cycle_CPU\vivado.jou
# Running On: LAPTOP-29JSQ2PH, OS: Windows, CPU Frequency: 2112 MHz, CPU Physical cores: 12, Host memory: 16890 MB
#-----------------------------------------------------------
start_gui
open_project D:/Git/GITHUB/Single_cycle_CPU/Single_cycle_CPU.xpr
WARNING: [Board 49-26] cannot add Board Part xilinx.com:kc705:part0:1.6 available at D:/Vivado/Vivado/2023.1/data/xhub/boards/XilinxBoardStore/boards/Xilinx/kc705/1.6/board.xml as part xc7k325tffg900-2 specified in board_part file is either invalid or not available
WARNING: [Board 49-26] cannot add Board Part xilinx.com:kcu105:part0:1.6 available at D:/Vivado/Vivado/2023.1/data/xhub/boards/XilinxBoardStore/boards/Xilinx/kcu105/1.6/board.xml as part xcku040-ffva1156-2-e specified in board_part file is either invalid or not available
WARNING: [Board 49-26] cannot add Board Part xilinx.com:kcu105:part0:1.7 available at D:/Vivado/Vivado/2023.1/data/xhub/boards/XilinxBoardStore/boards/Xilinx/kcu105/1.7/board.xml as part xcku040-ffva1156-2-e specified in board_part file is either invalid or not available
WARNING: [Board 49-26] cannot add Board Part xilinx.com:kcu1500:part0:1.2 available at D:/Vivado/Vivado/2023.1/data/xhub/boards/XilinxBoardStore/boards/Xilinx/kcu1500/1.2/board.xml as part xcku115-flvb2104-2-e specified in board_part file is either invalid or not available
WARNING: [Board 49-26] cannot add Board Part xilinx.com:vc707:part0:1.4 available at D:/Vivado/Vivado/2023.1/data/xhub/boards/XilinxBoardStore/boards/Xilinx/vc707/1.4/board.xml as part xc7vx485tffg1761-2 specified in board_part file is either invalid or not available
WARNING: [Board 49-26] cannot add Board Part xilinx.com:vc709:part0:1.8 available at D:/Vivado/Vivado/2023.1/data/xhub/boards/XilinxBoardStore/boards/Xilinx/vc709/1.8/board.xml as part xc7vx690tffg1761-2 specified in board_part file is either invalid or not available
WARNING: [Board 49-26] cannot add Board Part xilinx.com:vck190:part0:2.2 available at D:/Vivado/Vivado/2023.1/data/xhub/boards/XilinxBoardStore/boards/Xilinx/vck190/production/2.2/board.xml as part xcvc1902-vsva2197-2mp-e-s specified in board_part file is either invalid or not available
WARNING: [Board 49-26] cannot add Board Part xilinx.com:vck190:part0:3.0 available at D:/Vivado/Vivado/2023.1/data/xhub/boards/XilinxBoardStore/boards/Xilinx/vck190/production/3.0/board.xml as part xcvc1902-vsva2197-2mp-e-s specified in board_part file is either invalid or not available
WARNING: [Board 49-26] cannot add Board Part xilinx.com:vck190:part0:3.1 available at D:/Vivado/Vivado/2023.1/data/xhub/boards/XilinxBoardStore/boards/Xilinx/vck190/production/3.1/board.xml as part xcvc1902-vsva2197-2mp-e-s specified in board_part file is either invalid or not available
WARNING: [Board 49-26] cannot add Board Part xilinx.com:vck190:part0:3.2 available at D:/Vivado/Vivado/2023.1/data/xhub/boards/XilinxBoardStore/boards/Xilinx/vck190/production/3.2/board.xml as part xcvc1902-vsva2197-2mp-e-s specified in board_part file is either invalid or not available
WARNING: [Board 49-26] cannot add Board Part xilinx.com:vck190_newl:part0:1.0 available at D:/Vivado/Vivado/2023.1/data/xhub/boards/XilinxBoardStore/boards/Xilinx/vck190_newl/production/1.0/board.xml as part xcvc1902-vsva2197-2mp-e-s specified in board_part file is either invalid or not available
WARNING: [Board 49-26] cannot add Board Part xilinx.com:vck190_newl:part0:1.1 available at D:/Vivado/Vivado/2023.1/data/xhub/boards/XilinxBoardStore/boards/Xilinx/vck190_newl/production/1.1/board.xml as part xcvc1902-vsva2197-2mp-e-s specified in board_part file is either invalid or not available
WARNING: [Board 49-26] cannot add Board Part xilinx.com:vcu108:part0:1.6 available at D:/Vivado/Vivado/2023.1/data/xhub/boards/XilinxBoardStore/boards/Xilinx/vcu108/1.6/board.xml as part xcvu095-ffva2104-2-e specified in board_part file is either invalid or not available
WARNING: [Board 49-26] cannot add Board Part xilinx.com:vcu108:part0:1.7 available at D:/Vivado/Vivado/2023.1/data/xhub/boards/XilinxBoardStore/boards/Xilinx/vcu108/1.7/board.xml as part xcvu095-ffva2104-2-e specified in board_part file is either invalid or not available
WARNING: [Board 49-26] cannot add Board Part xilinx.com:vcu110:part0:1.4 available at D:/Vivado/Vivado/2023.1/data/xhub/boards/XilinxBoardStore/boards/Xilinx/vcu110/1.4/board.xml as part xcvu190-flgc2104-2-e specified in board_part file is either invalid or not available
WARNING: [Board 49-26] cannot add Board Part xilinx.com:vcu118:part0:2.0 available at D:/Vivado/Vivado/2023.1/data/xhub/boards/XilinxBoardStore/boards/Xilinx/vcu118/2.0/board.xml as part xcvu9p-flga2104-2l-e specified in board_part file is either invalid or not available
WARNING: [Board 49-26] cannot add Board Part xilinx.com:vcu118:part0:2.3 available at D:/Vivado/Vivado/2023.1/data/xhub/boards/XilinxBoardStore/boards/Xilinx/vcu118/2.3/board.xml as part xcvu9p-flga2104-2l-e specified in board_part file is either invalid or not available
WARNING: [Board 49-26] cannot add Board Part xilinx.com:vcu118:part0:2.4 available at D:/Vivado/Vivado/2023.1/data/xhub/boards/XilinxBoardStore/boards/Xilinx/vcu118/2.4/board.xml as part xcvu9p-flga2104-2l-e specified in board_part file is either invalid or not available
WARNING: [Board 49-26] cannot add Board Part xilinx.com:vcu129:part0:1.0 available at D:/Vivado/Vivado/2023.1/data/xhub/boards/XilinxBoardStore/boards/Xilinx/vcu129/production/1.0/board.xml as part xcvu29p-fsga2577-2l-e specified in board_part file is either invalid or not available
WARNING: [Board 49-26] cannot add Board Part xilinx.com:vcu1525:part0:1.3 available at D:/Vivado/Vivado/2023.1/data/xhub/boards/XilinxBoardStore/boards/Xilinx/vcu1525/1.3/board.xml as part xcvu9p-fsgd2104-2l-e specified in board_part file is either invalid or not available
WARNING: [Board 49-26] cannot add Board Part xilinx.com:vek280_es:part0:1.0 available at D:/Vivado/Vivado/2023.1/data/xhub/boards/XilinxBoardStore/boards/Xilinx/vek280/es/rev_a/1.0/board.xml as part xcve2802-vsvh1760-2lp-e-s-es1 specified in board_part file is either invalid or not available
WARNING: [Board 49-26] cannot add Board Part xilinx.com:vek280_es:part0:1.1 available at D:/Vivado/Vivado/2023.1/data/xhub/boards/XilinxBoardStore/boards/Xilinx/vek280/es/rev_a/1.1/board.xml as part xcve2802-vsvh1760-2lp-e-s-es1 specified in board_part file is either invalid or not available
WARNING: [Board 49-26] cannot add Board Part xilinx.com:vek280_es_revb:part0:1.0 available at D:/Vivado/Vivado/2023.1/data/xhub/boards/XilinxBoardStore/boards/Xilinx/vek280/es/rev_b/1.0/board.xml as part xcve2802-vsvh1760-2mp-e-s-es1 specified in board_part file is either invalid or not available
WARNING: [Board 49-26] cannot add Board Part xilinx.com:vek280_es_revb:part0:1.1 available at D:/Vivado/Vivado/2023.1/data/xhub/boards/XilinxBoardStore/boards/Xilinx/vek280/es/rev_b/1.1/board.xml as part xcve2802-vsvh1760-2mp-e-s-es1 specified in board_part file is either invalid or not available
WARNING: [Board 49-26] cannot add Board Part xilinx.com:vermeo_t1_mpsoc:part0:1.0 available at D:/Vivado/Vivado/2023.1/data/xhub/boards/XilinxBoardStore/boards/Xilinx/vermeo_t1_mpsoc/1.0/board.xml as part xczu19eg-ffvd1760-2l-e specified in board_part file is either invalid or not available
WARNING: [Board 49-26] cannot add Board Part xilinx.com:vermeo_t1_rfsoc:part0:1.0 available at D:/Vivado/Vivado/2023.1/data/xhub/boards/XilinxBoardStore/boards/Xilinx/vermeo_t1_rfsoc/1.0/board.xml as part xczu21dr-ffvd1156-2l-e specified in board_part file is either invalid or not available
WARNING: [Board 49-26] cannot add Board Part xilinx.com:vhk158:part0:1.0 available at D:/Vivado/Vivado/2023.1/data/xhub/boards/XilinxBoardStore/boards/Xilinx/vhk158/production/1.0/board.xml as part xcvh1582-vsva3697-2mp-e-s specified in board_part file is either invalid or not available
WARNING: [Board 49-26] cannot add Board Part xilinx.com:vhk158_es:part0:1.0 available at D:/Vivado/Vivado/2023.1/data/xhub/boards/XilinxBoardStore/boards/Xilinx/vhk158/es/1.0/board.xml as part xcvh1582-vsva3697-2mp-e-s-es1 specified in board_part file is either invalid or not available
WARNING: [Board 49-26] cannot add Board Part xilinx.com:vhk158_es:part0:1.1 available at D:/Vivado/Vivado/2023.1/data/xhub/boards/XilinxBoardStore/boards/Xilinx/vhk158/es/1.1/board.xml as part xcvh1582-vsva3697-2mp-e-s-es1 specified in board_part file is either invalid or not available
WARNING: [Board 49-26] cannot add Board Part xilinx.com:vmk180:part0:2.2 available at D:/Vivado/Vivado/2023.1/data/xhub/boards/XilinxBoardStore/boards/Xilinx/vmk180/production/2.2/board.xml as part xcvm1802-vsva2197-2mp-e-s specified in board_part file is either invalid or not available
WARNING: [Board 49-26] cannot add Board Part xilinx.com:vmk180:part0:3.0 available at D:/Vivado/Vivado/2023.1/data/xhub/boards/XilinxBoardStore/boards/Xilinx/vmk180/production/3.0/board.xml as part xcvm1802-vsva2197-2mp-e-s specified in board_part file is either invalid or not available
WARNING: [Board 49-26] cannot add Board Part xilinx.com:vmk180:part0:3.1 available at D:/Vivado/Vivado/2023.1/data/xhub/boards/XilinxBoardStore/boards/Xilinx/vmk180/production/3.1/board.xml as part xcvm1802-vsva2197-2mp-e-s specified in board_part file is either invalid or not available
WARNING: [Board 49-26] cannot add Board Part xilinx.com:vmk180:part0:3.2 available at D:/Vivado/Vivado/2023.1/data/xhub/boards/XilinxBoardStore/boards/Xilinx/vmk180/production/3.2/board.xml as part xcvm1802-vsva2197-2mp-e-s specified in board_part file is either invalid or not available
WARNING: [Board 49-26] cannot add Board Part xilinx.com:vmk180_newl:part0:1.0 available at D:/Vivado/Vivado/2023.1/data/xhub/boards/XilinxBoardStore/boards/Xilinx/vmk180_newl/production/1.0/board.xml as part xcvm1802-vsva2197-2mp-e-s specified in board_part file is either invalid or not available
WARNING: [Board 49-26] cannot add Board Part xilinx.com:vmk180_newl:part0:1.1 available at D:/Vivado/Vivado/2023.1/data/xhub/boards/XilinxBoardStore/boards/Xilinx/vmk180_newl/production/1.1/board.xml as part xcvm1802-vsva2197-2mp-e-s specified in board_part file is either invalid or not available
WARNING: [Board 49-26] cannot add Board Part xilinx.com:vpk120:part0:1.0 available at D:/Vivado/Vivado/2023.1/data/xhub/boards/XilinxBoardStore/boards/Xilinx/vpk120/production/1.0/board.xml as part xcvp1202-vsva2785-2mp-e-s specified in board_part file is either invalid or not available
WARNING: [Board 49-26] cannot add Board Part xilinx.com:vpk120:part0:1.1 available at D:/Vivado/Vivado/2023.1/data/xhub/boards/XilinxBoardStore/boards/Xilinx/vpk120/production/1.1/board.xml as part xcvp1202-vsva2785-2mp-e-s specified in board_part file is either invalid or not available
WARNING: [Board 49-26] cannot add Board Part xilinx.com:vpk120_es:part0:1.2 available at D:/Vivado/Vivado/2023.1/data/xhub/boards/XilinxBoardStore/boards/Xilinx/vpk120/es/1.2/board.xml as part xcvp1202-vsva2785-2mp-e-s-es1 specified in board_part file is either invalid or not available
WARNING: [Board 49-26] cannot add Board Part xilinx.com:vpk120_es:part0:1.3 available at D:/Vivado/Vivado/2023.1/data/xhub/boards/XilinxBoardStore/boards/Xilinx/vpk120/es/1.3/board.xml as part xcvp1202-vsva2785-2mp-e-s-es1 specified in board_part file is either invalid or not available
WARNING: [Board 49-26] cannot add Board Part xilinx.com:vpk120_es_revb:part0:1.0 available at D:/Vivado/Vivado/2023.1/data/xhub/boards/XilinxBoardStore/boards/Xilinx/vpk120_revb/es/1.0/board.xml as part xcvp1202-vsva2785-2mp-e-s-es1 specified in board_part file is either invalid or not available
WARNING: [Board 49-26] cannot add Board Part xilinx.com:vpk120_es_revb:part0:1.1 available at D:/Vivado/Vivado/2023.1/data/xhub/boards/XilinxBoardStore/boards/Xilinx/vpk120_revb/es/1.1/board.xml as part xcvp1202-vsva2785-2mp-e-s-es1 specified in board_part file is either invalid or not available
WARNING: [Board 49-26] cannot add Board Part xilinx.com:vpk180:part0:1.0 available at D:/Vivado/Vivado/2023.1/data/xhub/boards/XilinxBoardStore/boards/Xilinx/vpk180/production/1.0/board.xml as part xcvp1802-lsvc4072-2mp-e-s specified in board_part file is either invalid or not available
WARNING: [Board 49-26] cannot add Board Part xilinx.com:vpk180:part0:1.1 available at D:/Vivado/Vivado/2023.1/data/xhub/boards/XilinxBoardStore/boards/Xilinx/vpk180/production/1.1/board.xml as part xcvp1802-lsvc4072-2mp-e-s specified in board_part file is either invalid or not available
WARNING: [Board 49-26] cannot add Board Part xilinx.com:vpk180_es:part0:1.0 available at D:/Vivado/Vivado/2023.1/data/xhub/boards/XilinxBoardStore/boards/Xilinx/vpk180/es/1.0/board.xml as part xcvp1802-lsvc4072-2mp-e-s-es1 specified in board_part file is either invalid or not available
WARNING: [Board 49-26] cannot add Board Part xilinx.com:vpk180_es:part0:1.1 available at D:/Vivado/Vivado/2023.1/data/xhub/boards/XilinxBoardStore/boards/Xilinx/vpk180/es/1.1/board.xml as part xcvp1802-lsvc4072-2mp-e-s-es1 specified in board_part file is either invalid or not available
WARNING: [Board 49-26] cannot add Board Part xilinx.com:zc706:part0:1.4 available at D:/Vivado/Vivado/2023.1/data/xhub/boards/XilinxBoardStore/boards/Xilinx/zc706/1.4/board.xml as part xc7z045ffg900-2 specified in board_part file is either invalid or not available
WARNING: [Board 49-26] cannot add Board Part xilinx.com:zcu102:part0:3.3 available at D:/Vivado/Vivado/2023.1/data/xhub/boards/XilinxBoardStore/boards/Xilinx/zcu102/3.3/board.xml as part xczu9eg-ffvb1156-2-e specified in board_part file is either invalid or not available
WARNING: [Board 49-26] cannot add Board Part xilinx.com:zcu102:part0:3.4 available at D:/Vivado/Vivado/2023.1/data/xhub/boards/XilinxBoardStore/boards/Xilinx/zcu102/3.4/board.xml as part xczu9eg-ffvb1156-2-e specified in board_part file is either invalid or not available
WARNING: [Board 49-26] cannot add Board Part xilinx.com:zcu111:part0:1.2 available at D:/Vivado/Vivado/2023.1/data/xhub/boards/XilinxBoardStore/boards/Xilinx/zcu111/1.2/board.xml as part xczu28dr-ffvg1517-2-e specified in board_part file is either invalid or not available
WARNING: [Board 49-26] cannot add Board Part xilinx.com:zcu111:part0:1.3 available at D:/Vivado/Vivado/2023.1/data/xhub/boards/XilinxBoardStore/boards/Xilinx/zcu111/1.3/board.xml as part xczu28dr-ffvg1517-2-e specified in board_part file is either invalid or not available
WARNING: [Board 49-26] cannot add Board Part xilinx.com:zcu111:part0:1.4 available at D:/Vivado/Vivado/2023.1/data/xhub/boards/XilinxBoardStore/boards/Xilinx/zcu111/1.4/board.xml as part xczu28dr-ffvg1517-2-e specified in board_part file is either invalid or not available
WARNING: [Board 49-26] cannot add Board Part xilinx.com:zcu1275:part0:1.0 available at D:/Vivado/Vivado/2023.1/data/xhub/boards/XilinxBoardStore/boards/Xilinx/zcu1275/1.0/board.xml as part xczu29dr-ffvf1760-2-e specified in board_part file is either invalid or not available
WARNING: [Board 49-26] cannot add Board Part xilinx.com:zcu1285:part0:1.0 available at D:/Vivado/Vivado/2023.1/data/xhub/boards/XilinxBoardStore/boards/Xilinx/zcu1285/1.0/board.xml as part xczu39dr-ffvf1760-2-i specified in board_part file is either invalid or not available
WARNING: [Board 49-26] cannot add Board Part xilinx.com:zcu208:part0:2.0 available at D:/Vivado/Vivado/2023.1/data/xhub/boards/XilinxBoardStore/boards/Xilinx/zcu208/production/2.0/board.xml as part xczu48dr-fsvg1517-2-e specified in board_part file is either invalid or not available
WARNING: [Board 49-26] cannot add Board Part xilinx.com:zcu208ld:part0:2.0 available at D:/Vivado/Vivado/2023.1/data/xhub/boards/XilinxBoardStore/boards/Xilinx/zcu208ld/production/2.0/board.xml as part xczu58dr-fsvg1517-2-i specified in board_part file is either invalid or not available
WARNING: [Board 49-26] cannot add Board Part xilinx.com:zcu216:part0:2.0 available at D:/Vivado/Vivado/2023.1/data/xhub/boards/XilinxBoardStore/boards/Xilinx/zcu216/production/2.0/board.xml as part xczu49dr-ffvf1760-2-e specified in board_part file is either invalid or not available
WARNING: [Board 49-26] cannot add Board Part xilinx.com:zcu216ld:part0:2.0 available at D:/Vivado/Vivado/2023.1/data/xhub/boards/XilinxBoardStore/boards/Xilinx/zcu216ld/production/2.0/board.xml as part xczu59dr-ffvf1760-2-i specified in board_part file is either invalid or not available
WARNING: [Board 49-26] cannot add Board Part xilinx.com:zcu670:part0:2.0 available at D:/Vivado/Vivado/2023.1/data/xhub/boards/XilinxBoardStore/boards/Xilinx/zcu670/2.0/board.xml as part xczu67dr-fsve1156-2-i specified in board_part file is either invalid or not available
WARNING: [Board 49-26] cannot add Board Part xilinx.com:zcu670ld:part0:1.0 available at D:/Vivado/Vivado/2023.1/data/xhub/boards/XilinxBoardStore/boards/Xilinx/zcu670ld/1.0/board.xml as part xczu57dr-fsve1156-2-i specified in board_part file is either invalid or not available
INFO: [filemgmt 56-3] Default IP Output Path : Could not find the directory 'D:/Git/GITHUB/Single_cycle_CPU/Single_cycle_CPU.gen/sources_1'.
Scanning sources...
Finished scanning sources
INFO: [IP_Flow 19-234] Refreshing IP repositories
INFO: [IP_Flow 19-1704] No user IP repositories specified
INFO: [IP_Flow 19-2313] Loaded Vivado IP repository 'D:/Vivado/Vivado/2023.1/data/ip'.
open_project: Time (s): cpu = 00:00:17 ; elapsed = 00:00:07 . Memory (MB): peak = 1496.555 ; gain = 212.270
update_compile_order -fileset sources_1
launch_simulation
Command: launch_simulation 
INFO: [Vivado 12-12493] Simulation top is 'sccomp_tb'
WARNING: [Vivado 12-13340] Unable to auto find GCC executables from simulator install path! (path not set)
INFO: [Vivado 12-5682] Launching behavioral simulation in 'D:/Git/GITHUB/Single_cycle_CPU/Single_cycle_CPU.sim/sim_1/behav/xsim'
INFO: [SIM-utils-51] Simulation object is 'sim_1'
INFO: [SIM-utils-72] Using boost library from 'D:/Vivado/Vivado/2023.1/tps/boost_1_72_0'
INFO: [SIM-utils-54] Inspecting design source files for 'sccomp_tb' in fileset 'sim_1'...
INFO: [USF-XSim-97] Finding global include files...
INFO: [USF-XSim-98] Fetching design files from 'sim_1'...
INFO: [USF-XSim-2] XSim::Compile design
INFO: [USF-XSim-61] Executing 'COMPILE and ANALYZE' step in 'D:/Git/GITHUB/Single_cycle_CPU/Single_cycle_CPU.sim/sim_1/behav/xsim'
"xvlog --incr --relax -prj sccomp_tb_vlog.prj"
ECHO 处于关闭状态。
ECHO 处于关闭状态。
INFO: [VRFC 10-2263] Analyzing Verilog file "D:/Git/GITHUB/Single_cycle_CPU/pip code/EXT.v" into library xil_defaultlib
INFO: [VRFC 10-311] analyzing module EXT
INFO: [VRFC 10-2263] Analyzing Verilog file "D:/Git/GITHUB/Single_cycle_CPU/pip code/ForwardingUnit.v" into library xil_defaultlib
INFO: [VRFC 10-311] analyzing module ForwardingUnit
INFO: [VRFC 10-2263] Analyzing Verilog file "D:/Git/GITHUB/Single_cycle_CPU/pip code/GRE_array.v" into library xil_defaultlib
INFO: [VRFC 10-311] analyzing module GRE_array
INFO: [VRFC 10-2263] Analyzing Verilog file "D:/Git/GITHUB/Single_cycle_CPU/pip code/HazardDetectionUnit.v" into library xil_defaultlib
INFO: [VRFC 10-311] analyzing module HazardDetectionUnit
INFO: [VRFC 10-2263] Analyzing Verilog file "D:/Git/GITHUB/Single_cycle_CPU/pip code/NPC.v" into library xil_defaultlib
INFO: [VRFC 10-311] analyzing module NPC
INFO: [VRFC 10-2263] Analyzing Verilog file "D:/Git/GITHUB/Single_cycle_CPU/pip code/PC.v" into library xil_defaultlib
INFO: [VRFC 10-311] analyzing module PC
INFO: [VRFC 10-2263] Analyzing Verilog file "D:/Git/GITHUB/Single_cycle_CPU/pip code/RF.v" into library xil_defaultlib
INFO: [VRFC 10-311] analyzing module RF
INFO: [VRFC 10-2263] Analyzing Verilog file "D:/Git/GITHUB/Single_cycle_CPU/pip code/SCPU.v" into library xil_defaultlib
INFO: [VRFC 10-311] analyzing module SCPU
INFO: [VRFC 10-2263] Analyzing Verilog file "D:/Git/GITHUB/Single_cycle_CPU/pip code/alu.v" into library xil_defaultlib
INFO: [VRFC 10-311] analyzing module alu
INFO: [VRFC 10-2263] Analyzing Verilog file "D:/Git/GITHUB/Single_cycle_CPU/pip code/ctrl.v" into library xil_defaultlib
INFO: [VRFC 10-311] analyzing module ctrl
INFO: [VRFC 10-2263] Analyzing Verilog file "D:/Git/GITHUB/Single_cycle_CPU/pip code/dm.v" into library xil_defaultlib
INFO: [VRFC 10-311] analyzing module dm
INFO: [VRFC 10-2263] Analyzing Verilog file "D:/Git/GITHUB/Single_cycle_CPU/pip code/im.v" into library xil_defaultlib
INFO: [VRFC 10-311] analyzing module im
INFO: [VRFC 10-2263] Analyzing Verilog file "D:/Git/GITHUB/Single_cycle_CPU/pip code/sccomp.v" into library xil_defaultlib
INFO: [VRFC 10-311] analyzing module sccomp
INFO: [VRFC 10-2263] Analyzing Verilog file "D:/Git/GITHUB/Single_cycle_CPU/pip code/sccomp_tb.v" into library xil_defaultlib
INFO: [VRFC 10-311] analyzing module sccomp_tb
INFO: [USF-XSim-69] 'compile' step finished in '1' seconds
INFO: [USF-XSim-3] XSim::Elaborate design
INFO: [USF-XSim-61] Executing 'ELABORATE' step in 'D:/Git/GITHUB/Single_cycle_CPU/Single_cycle_CPU.sim/sim_1/behav/xsim'
"xelab --incr --debug typical --relax --mt 2 -L xil_defaultlib -L unisims_ver -L unimacro_ver -L secureip --snapshot sccomp_tb_behav xil_defaultlib.sccomp_tb xil_defaultlib.glbl -log elaborate.log"
ECHO 处于关闭状态。
ECHO 处于关闭状态。
Vivado Simulator v2023.1
Copyright 1986-2022 Xilinx, Inc. All Rights Reserved.
Copyright 2022-2023 Advanced Micro Devices, Inc. All Rights Reserved.
Running: D:/Vivado/Vivado/2023.1/bin/unwrapped/win64.o/xelab.exe --incr --debug typical --relax --mt 2 -L xil_defaultlib -L unisims_ver -L unimacro_ver -L secureip --snapshot sccomp_tb_behav xil_defaultlib.sccomp_tb xil_defaultlib.glbl -log elaborate.log 
Using 2 slave threads.
Starting static elaboration
Pass Through NonSizing Optimizer
WARNING: [VRFC 10-3091] actual bit length 32 differs from formal bit length 1 for port 'Zero' [D:/Git/GITHUB/Single_cycle_CPU/pip code/SCPU.v:97]
WARNING: [VRFC 10-3091] actual bit length 32 differs from formal bit length 1 for port 'flush' [D:/Git/GITHUB/Single_cycle_CPU/pip code/SCPU.v:60]
WARNING: [VRFC 10-3091] actual bit length 32 differs from formal bit length 9 for port 'addr' [D:/Git/GITHUB/Single_cycle_CPU/pip code/sccomp.v:34]
WARNING: [VRFC 10-5021] port 'MIO_ready' is not connected on this instance [D:/Git/GITHUB/Single_cycle_CPU/pip code/sccomp.v:15]
Completed static elaboration
Starting simulation data flow analysis
WARNING: [XSIM 43-4099] "D:/Git/GITHUB/Single_cycle_CPU/pip code/EXT.v" Line 2. Module EXT doesn't have a timescale but at least one module in design has a timescale.
WARNING: [XSIM 43-4099] "D:/Git/GITHUB/Single_cycle_CPU/pip code/EXT.v" Line 2. Module EXT doesn't have a timescale but at least one module in design has a timescale.
Completed simulation data flow analysis
Time Resolution for simulation is 1ps
Compiling module xil_defaultlib.HazardDetectionUnit
Compiling module xil_defaultlib.GRE_array
Compiling module xil_defaultlib.PC
Compiling module xil_defaultlib.ctrl
Compiling module xil_defaultlib.RF
Compiling module xil_defaultlib.EXT
Compiling module xil_defaultlib.alu
Compiling module xil_defaultlib.NPC
Compiling module xil_defaultlib.ForwardingUnit
Compiling module xil_defaultlib.SCPU
Compiling module xil_defaultlib.dm
Compiling module xil_defaultlib.im
Compiling module xil_defaultlib.sccomp
Compiling module xil_defaultlib.sccomp_tb
Compiling module xil_defaultlib.glbl
Built simulation snapshot sccomp_tb_behav
INFO: [USF-XSim-69] 'elaborate' step finished in '3' seconds
INFO: [USF-XSim-4] XSim::Simulate design
INFO: [USF-XSim-61] Executing 'SIMULATE' step in 'D:/Git/GITHUB/Single_cycle_CPU/Single_cycle_CPU.sim/sim_1/behav/xsim'
INFO: [USF-XSim-98] *** Running xsim
   with args "sccomp_tb_behav -key {Behavioral:sim_1:Functional:sccomp_tb} -tclbatch {sccomp_tb.tcl} -view {D:/Git/GITHUB/Single_cycle_CPU/test.wcfg} -log {simulate.log}"
INFO: [USF-XSim-8] Loading simulator feature
Time resolution is 1 ps
open_wave_config D:/Git/GITHUB/Single_cycle_CPU/test.wcfg
source sccomp_tb.tcl
# set curr_wave [current_wave_config]
# if { [string length $curr_wave] == 0 } {
#   if { [llength [get_objects]] > 0} {
#     add_wave /
#     set_property needs_save false [current_wave_config]
#   } else {
#      send_msg_id Add_Wave-1 WARNING "No top level signals found. Simulator will start without a wave window. If you want to open a wave window go to 'File->New Waveform Configuration' or type 'create_wave_config' in the TCL console."
#   }
# }
# run 1000ns
r[ 5] = 0x00000435,
r[ 6] = 0x00001000,
r[ 5] = 0x00001435,
r[ 6] = 0x98765000,
r[ 7] = 0x000019ad,
r[ 8] = 0x98764c00,
r[ 9] = 0x00001389,
r[ 3] = 0x00000001,
r[ 4] = 0x00000001,
r[18] = 0x00000000,
r[20] = 0x00000001,
r[19] = 0x98763bcb,
r[21] = 0x98765001,
r[22] = 0x98765001,
r[22] = 0x98766436,
r[23] = 0x00001436,
r[25] = 0x98767436,
r[26] = 0x00001000,
r[27] = 0x00000001,
r[28] = 0x00000001,
r[ 3] = 0x00000005,
r[27] = 0x00020000,
r[28] = 0x04c3b3a1,
r[29] = 0xcc3b3a1b,
r[27] = 0xcb000000,
r[28] = 0x098763bc,
r[29] = 0xf98763bc,
r[ 3] = 0x00000000,
dmem[0x00000000] = 0x000000cb,
dmem[0x00000001] = 0x0000003b,
dmem[0x00000002] = 0x00000076,
dmem[0x00000003] = 0x00000098,
r[ 5] = 0x000000ef,
dmem[0x00000009] = 0x00000001,
dmem[0x0000000a] = 0x00000050,
dmem[0x0000000b] = 0x00000076,
dmem[0x0000000c] = 0x00000098,
dmem[0x00000008] = 0x00000036,
dmem[0x00000009] = 0x00000014,
dmem[0x0000000a] = 0x00000000,
dmem[0x0000000b] = 0x00000000,
dmem[0x00000004] = 0x00000000,
dmem[0x00000005] = 0x00000010,
dmem[0x0000000a] = 0x000000cb,
dmem[0x0000000b] = 0x0000003b,
dmem[0x00000007] = 0x000000ef,
dmem[0x00000009] = 0x000000ef,
dmem[0x00000008] = 0x000000ef,
r[ 5] = 0x98763bcb,
r[ 7] = 0xffff9876,
r[ 7] = 0x00009876,
r[ 8] = 0xffffff98,
r[ 8] = 0x00000098,
r[ 8] = 0x0000003b,
dmem[0x00000000] = 0x00000000,
dmem[0x00000001] = 0x00000000,
dmem[0x00000002] = 0x00000000,
dmem[0x00000003] = 0x00000000,
r[ 9] = 0x00000000,
r[ 9] = 0x00000007,
r[ 9] = 0x0000000d,
dmem[0x00000000] = 0x0000000e,
dmem[0x00000001] = 0x00000000,
dmem[0x00000002] = 0x00000000,
dmem[0x00000003] = 0x00000000,
r[ 9] = 0x0000000e,
r[10] = 0x0000000e,
r[ 1] = 0x00000108,
dmem[0x00000000] = 0x000000af,
dmem[0x00000001] = 0x00000007,
dmem[0x00000002] = 0x00000000,
dmem[0x00000003] = 0x00000000,
r[10] = 0x000007af,
r[ 0] = 0x0000011c,
dmem[0x00000000] = 0x000000b2,
dmem[0x00000001] = 0x00000007,
dmem[0x00000002] = 0x00000000,
dmem[0x00000003] = 0x00000000,
r[10] = 0x000007b2,
dmem[0x00000000] = 0x000000b3,
dmem[0x00000001] = 0x00000007,
dmem[0x00000002] = 0x00000000,
dmem[0x00000003] = 0x00000000,
r[10] = 0x000007b3,
r[ 0] = 0x0000011c,
dmem[0x00000000] = 0x000000b6,
dmem[0x00000001] = 0x00000007,
dmem[0x00000002] = 0x00000000,
dmem[0x00000003] = 0x00000000,
r[10] = 0x000007b6,
dmem[0x00000000] = 0x000000b7,
dmem[0x00000001] = 0x00000007,
dmem[0x00000002] = 0x00000000,
dmem[0x00000003] = 0x00000000,
r[10] = 0x000007b7,
r[ 0] = 0x0000011c,
dmem[0x00000000] = 0x000000ba,
dmem[0x00000001] = 0x00000007,
dmem[0x00000002] = 0x00000000,
dmem[0x00000003] = 0x00000000,
r[10] = 0x000007ba,
dmem[0x00000000] = 0x000000bb,
dmem[0x00000001] = 0x00000007,
dmem[0x00000002] = 0x00000000,
dmem[0x00000003] = 0x00000000,
r[10] = 0x000007bb,
r[ 0] = 0x0000011c,
dmem[0x00000000] = 0x000000be,
dmem[0x00000001] = 0x00000007,
dmem[0x00000002] = 0x00000000,
dmem[0x00000003] = 0x00000000,
r[10] = 0x000007be,
dmem[0x00000000] = 0x000000bf,
dmem[0x00000001] = 0x00000007,
dmem[0x00000002] = 0x00000000,
dmem[0x00000003] = 0x00000000,
r[10] = 0x000007bf,
r[ 0] = 0x0000011c,
dmem[0x00000000] = 0x000000c2,
dmem[0x00000001] = 0x00000007,
dmem[0x00000002] = 0x00000000,
dmem[0x00000003] = 0x00000000,
r[10] = 0x000007c2,
dmem[0x00000000] = 0x000000e3,
dmem[0x00000001] = 0x00000007,
dmem[0x00000002] = 0x00000000,
dmem[0x00000003] = 0x00000000,
r[10] = 0x000007e3,
r[ 0] = 0x0000011c,
dmem[0x00000000] = 0x000000e6,
dmem[0x00000001] = 0x00000007,
dmem[0x00000002] = 0x00000000,
dmem[0x00000003] = 0x00000000,
r[10] = 0x000007e6,
dmem[0x00000000] = 0x000000e7,
dmem[0x00000001] = 0x00000007,
dmem[0x00000002] = 0x00000000,
dmem[0x00000003] = 0x00000000,
r[10] = 0x000007e7,
r[ 0] = 0x0000011c,
dmem[0x00000000] = 0x000000ea,
dmem[0x00000001] = 0x00000007,
dmem[0x00000002] = 0x00000000,
dmem[0x00000003] = 0x00000000,
r[10] = 0x000007ea,
dmem[0x00000000] = 0x000000eb,
dmem[0x00000001] = 0x00000007,
dmem[0x00000002] = 0x00000000,
dmem[0x00000003] = 0x00000000,
r[10] = 0x000007eb,
r[ 0] = 0x0000011c,
dmem[0x00000000] = 0x000000ee,
dmem[0x00000001] = 0x00000007,
dmem[0x00000002] = 0x00000000,
dmem[0x00000003] = 0x00000000,
r[10] = 0x000007ee,
dmem[0x00000000] = 0x000000ef,
dmem[0x00000001] = 0x00000007,
dmem[0x00000002] = 0x00000000,
dmem[0x00000003] = 0x00000000,
r[10] = 0x000007ef,
r[ 0] = 0x0000011c,
dmem[0x00000000] = 0x000000f2,
dmem[0x00000001] = 0x00000007,
dmem[0x00000002] = 0x00000000,
dmem[0x00000003] = 0x00000000,
r[10] = 0x000007f2,
dmem[0x00000000] = 0x000000f3,
dmem[0x00000001] = 0x00000007,
dmem[0x00000002] = 0x00000000,
dmem[0x00000003] = 0x00000000,
r[10] = 0x000007f3,
r[ 0] = 0x0000011c,
dmem[0x00000000] = 0x000000f6,
dmem[0x00000001] = 0x00000007,
dmem[0x00000002] = 0x00000000,
dmem[0x00000003] = 0x00000000,
r[10] = 0x000007f6,
dmem[0x00000000] = 0x000000f7,
dmem[0x00000001] = 0x00000007,
dmem[0x00000002] = 0x00000000,
dmem[0x00000003] = 0x00000000,
r[10] = 0x000007f7,
r[ 0] = 0x0000011c,
dmem[0x00000000] = 0x000000fa,
dmem[0x00000001] = 0x00000007,
dmem[0x00000002] = 0x00000000,
dmem[0x00000003] = 0x00000000,
r[10] = 0x000007fa,
dmem[0x00000000] = 0x000000fb,
dmem[0x00000001] = 0x00000007,
dmem[0x00000002] = 0x00000000,
dmem[0x00000003] = 0x00000000,
r[10] = 0x000007fb,
r[ 0] = 0x0000011c,
dmem[0x00000000] = 0x000000fe,
dmem[0x00000001] = 0x00000007,
dmem[0x00000002] = 0x00000000,
dmem[0x00000003] = 0x00000000,
r[10] = 0x000007fe,
dmem[0x00000000] = 0x000000ff,
dmem[0x00000001] = 0x00000007,
dmem[0x00000002] = 0x00000000,
dmem[0x00000003] = 0x00000000,
r[10] = 0x000007ff,
r[ 0] = 0x0000011c,
dmem[0x00000000] = 0x00000002,
dmem[0x00000001] = 0x00000008,
dmem[0x00000002] = 0x00000000,
dmem[0x00000003] = 0x00000000,
r[10] = 0x00000802,
dmem[0x00000000] = 0x000000a3,
dmem[0x00000001] = 0x0000000f,
dmem[0x00000002] = 0x00000000,
dmem[0x00000003] = 0x00000000,
r[10] = 0x00000fa3,
r[ 0] = 0x0000011c,
dmem[0x00000000] = 0x000000a6,
dmem[0x00000001] = 0x0000000f,
dmem[0x00000002] = 0x00000000,
dmem[0x00000003] = 0x00000000,
r[10] = 0x00000fa6,
dmem[0x00000000] = 0x000000a7,
dmem[0x00000001] = 0x0000000f,
dmem[0x00000002] = 0x00000000,
dmem[0x00000003] = 0x00000000,
r[10] = 0x00000fa7,
r[ 0] = 0x0000011c,
dmem[0x00000000] = 0x000000aa,
dmem[0x00000001] = 0x0000000f,
dmem[0x00000002] = 0x00000000,
dmem[0x00000003] = 0x00000000,
r[10] = 0x00000faa,
dmem[0x00000000] = 0x000000ab,
dmem[0x00000001] = 0x0000000f,
dmem[0x00000002] = 0x00000000,
dmem[0x00000003] = 0x00000000,
r[10] = 0x00000fab,
r[ 0] = 0x0000011c,
dmem[0x00000000] = 0x000000ae,
dmem[0x00000001] = 0x0000000f,
dmem[0x00000002] = 0x00000000,
dmem[0x00000003] = 0x00000000,
r[10] = 0x00000fae,
dmem[0x00000000] = 0x000000af,
dmem[0x00000001] = 0x0000000f,
dmem[0x00000002] = 0x00000000,
dmem[0x00000003] = 0x00000000,
r[10] = 0x00000faf,
r[ 0] = 0x0000011c,
dmem[0x00000000] = 0x000000b2,
dmem[0x00000001] = 0x0000000f,
dmem[0x00000002] = 0x00000000,
dmem[0x00000003] = 0x00000000,
r[10] = 0x00000fb2,
dmem[0x00000000] = 0x000000b3,
dmem[0x00000001] = 0x0000000f,
dmem[0x00000002] = 0x00000000,
dmem[0x00000003] = 0x00000000,
r[10] = 0x00000fb3,
r[ 0] = 0x0000011c,
dmem[0x00000000] = 0x000000b6,
dmem[0x00000001] = 0x0000000f,
dmem[0x00000002] = 0x00000000,
dmem[0x00000003] = 0x00000000,
r[10] = 0x00000fb6,
dmem[0x00000000] = 0x000000b7,
dmem[0x00000001] = 0x0000000f,
dmem[0x00000002] = 0x00000000,
dmem[0x00000003] = 0x00000000,
r[10] = 0x00000fb7,
r[ 0] = 0x0000011c,
dmem[0x00000000] = 0x000000ba,
dmem[0x00000001] = 0x0000000f,
dmem[0x00000002] = 0x00000000,
dmem[0x00000003] = 0x00000000,
r[10] = 0x00000fba,
dmem[0x00000000] = 0x000000bb,
dmem[0x00000001] = 0x0000000f,
dmem[0x00000002] = 0x00000000,
dmem[0x00000003] = 0x00000000,
r[10] = 0x00000fbb,
r[ 0] = 0x0000011c,
dmem[0x00000000] = 0x000000be,
dmem[0x00000001] = 0x0000000f,
dmem[0x00000002] = 0x00000000,
dmem[0x00000003] = 0x00000000,
r[10] = 0x00000fbe,
dmem[0x00000000] = 0x000000bf,
dmem[0x00000001] = 0x0000000f,
dmem[0x00000002] = 0x00000000,
dmem[0x00000003] = 0x00000000,
r[10] = 0x00000fbf,
r[ 0] = 0x0000011c,
dmem[0x00000000] = 0x000000c2,
dmem[0x00000001] = 0x0000000f,
dmem[0x00000002] = 0x00000000,
dmem[0x00000003] = 0x00000000,
INFO: [USF-XSim-96] XSim completed. Design snapshot 'sccomp_tb_behav' loaded.
INFO: [USF-XSim-97] XSim simulation ran for 1000ns
launch_simulation: Time (s): cpu = 00:00:06 ; elapsed = 00:00:07 . Memory (MB): peak = 1571.914 ; gain = 47.367
run 10 us
r[10] = 0x00000fc2,
dmem[0x00000000] = 0x000000e3,
dmem[0x00000001] = 0x0000000f,
dmem[0x00000002] = 0x00000000,
dmem[0x00000003] = 0x00000000,
r[10] = 0x00000fe3,
r[ 0] = 0x0000011c,
dmem[0x00000000] = 0x000000e6,
dmem[0x00000001] = 0x0000000f,
dmem[0x00000002] = 0x00000000,
dmem[0x00000003] = 0x00000000,
r[10] = 0x00000fe6,
dmem[0x00000000] = 0x000000e7,
dmem[0x00000001] = 0x0000000f,
dmem[0x00000002] = 0x00000000,
dmem[0x00000003] = 0x00000000,
r[10] = 0x00000fe7,
r[ 0] = 0x0000011c,
dmem[0x00000000] = 0x000000ea,
dmem[0x00000001] = 0x0000000f,
dmem[0x00000002] = 0x00000000,
dmem[0x00000003] = 0x00000000,
r[10] = 0x00000fea,
dmem[0x00000000] = 0x000000eb,
dmem[0x00000001] = 0x0000000f,
dmem[0x00000002] = 0x00000000,
dmem[0x00000003] = 0x00000000,
r[10] = 0x00000feb,
r[ 0] = 0x0000011c,
dmem[0x00000000] = 0x000000ee,
dmem[0x00000001] = 0x0000000f,
dmem[0x00000002] = 0x00000000,
dmem[0x00000003] = 0x00000000,
r[10] = 0x00000fee,
dmem[0x00000000] = 0x000000ef,
dmem[0x00000001] = 0x0000000f,
dmem[0x00000002] = 0x00000000,
dmem[0x00000003] = 0x00000000,
r[10] = 0x00000fef,
r[ 0] = 0x0000011c,
dmem[0x00000000] = 0x000000f2,
dmem[0x00000001] = 0x0000000f,
dmem[0x00000002] = 0x00000000,
dmem[0x00000003] = 0x00000000,
r[10] = 0x00000ff2,
dmem[0x00000000] = 0x000000f3,
dmem[0x00000001] = 0x0000000f,
dmem[0x00000002] = 0x00000000,
dmem[0x00000003] = 0x00000000,
r[10] = 0x00000ff3,
r[ 0] = 0x0000011c,
dmem[0x00000000] = 0x000000f6,
dmem[0x00000001] = 0x0000000f,
dmem[0x00000002] = 0x00000000,
dmem[0x00000003] = 0x00000000,
r[10] = 0x00000ff6,
dmem[0x00000000] = 0x000000f7,
dmem[0x00000001] = 0x0000000f,
dmem[0x00000002] = 0x00000000,
dmem[0x00000003] = 0x00000000,
r[10] = 0x00000ff7,
r[ 0] = 0x0000011c,
dmem[0x00000000] = 0x000000fa,
dmem[0x00000001] = 0x0000000f,
dmem[0x00000002] = 0x00000000,
dmem[0x00000003] = 0x00000000,
r[10] = 0x00000ffa,
dmem[0x00000000] = 0x000000fb,
dmem[0x00000001] = 0x0000000f,
dmem[0x00000002] = 0x00000000,
dmem[0x00000003] = 0x00000000,
r[10] = 0x00000ffb,
r[ 0] = 0x0000011c,
dmem[0x00000000] = 0x000000fe,
dmem[0x00000001] = 0x0000000f,
dmem[0x00000002] = 0x00000000,
dmem[0x00000003] = 0x00000000,
r[10] = 0x00000ffe,
dmem[0x00000000] = 0x000000ff,
dmem[0x00000001] = 0x0000000f,
dmem[0x00000002] = 0x00000000,
dmem[0x00000003] = 0x00000000,
r[10] = 0x00000fff,
r[ 0] = 0x0000011c,
dmem[0x00000000] = 0x00000002,
dmem[0x00000001] = 0x00000010,
dmem[0x00000002] = 0x00000000,
dmem[0x00000003] = 0x00000000,
r[10] = 0x00001002,
dmem[0x00000000] = 0x000000a3,
dmem[0x00000001] = 0x00000017,
dmem[0x00000002] = 0x00000000,
dmem[0x00000003] = 0x00000000,
r[10] = 0x000017a3,
r[ 0] = 0x0000011c,
dmem[0x00000000] = 0x000000a6,
dmem[0x00000001] = 0x00000017,
dmem[0x00000002] = 0x00000000,
dmem[0x00000003] = 0x00000000,
r[10] = 0x000017a6,
dmem[0x00000000] = 0x000000a7,
dmem[0x00000001] = 0x00000017,
dmem[0x00000002] = 0x00000000,
dmem[0x00000003] = 0x00000000,
r[10] = 0x000017a7,
r[ 0] = 0x0000011c,
dmem[0x00000000] = 0x000000aa,
dmem[0x00000001] = 0x00000017,
dmem[0x00000002] = 0x00000000,
dmem[0x00000003] = 0x00000000,
r[10] = 0x000017aa,
dmem[0x00000000] = 0x000000ab,
dmem[0x00000001] = 0x00000017,
dmem[0x00000002] = 0x00000000,
dmem[0x00000003] = 0x00000000,
r[10] = 0x000017ab,
r[ 0] = 0x0000011c,
dmem[0x00000000] = 0x000000ae,
dmem[0x00000001] = 0x00000017,
dmem[0x00000002] = 0x00000000,
dmem[0x00000003] = 0x00000000,
r[10] = 0x000017ae,
dmem[0x00000000] = 0x000000af,
dmem[0x00000001] = 0x00000017,
dmem[0x00000002] = 0x00000000,
dmem[0x00000003] = 0x00000000,
r[10] = 0x000017af,
r[ 0] = 0x0000011c,
dmem[0x00000000] = 0x000000b2,
dmem[0x00000001] = 0x00000017,
dmem[0x00000002] = 0x00000000,
dmem[0x00000003] = 0x00000000,
r[10] = 0x000017b2,
dmem[0x00000000] = 0x000000b3,
dmem[0x00000001] = 0x00000017,
dmem[0x00000002] = 0x00000000,
dmem[0x00000003] = 0x00000000,
r[10] = 0x000017b3,
r[ 0] = 0x0000011c,
dmem[0x00000000] = 0x000000b6,
dmem[0x00000001] = 0x00000017,
dmem[0x00000002] = 0x00000000,
dmem[0x00000003] = 0x00000000,
r[10] = 0x000017b6,
dmem[0x00000000] = 0x000000b7,
dmem[0x00000001] = 0x00000017,
dmem[0x00000002] = 0x00000000,
dmem[0x00000003] = 0x00000000,
r[10] = 0x000017b7,
r[ 0] = 0x0000011c,
dmem[0x00000000] = 0x000000ba,
dmem[0x00000001] = 0x00000017,
dmem[0x00000002] = 0x00000000,
dmem[0x00000003] = 0x00000000,
r[10] = 0x000017ba,
dmem[0x00000000] = 0x000000bb,
dmem[0x00000001] = 0x00000017,
dmem[0x00000002] = 0x00000000,
dmem[0x00000003] = 0x00000000,
r[10] = 0x000017bb,
r[ 0] = 0x0000011c,
dmem[0x00000000] = 0x000000be,
dmem[0x00000001] = 0x00000017,
dmem[0x00000002] = 0x00000000,
dmem[0x00000003] = 0x00000000,
r[10] = 0x000017be,
dmem[0x00000000] = 0x000000bf,
dmem[0x00000001] = 0x00000017,
dmem[0x00000002] = 0x00000000,
dmem[0x00000003] = 0x00000000,
r[10] = 0x000017bf,
r[ 0] = 0x0000011c,
dmem[0x00000000] = 0x000000c2,
dmem[0x00000001] = 0x00000017,
dmem[0x00000002] = 0x00000000,
dmem[0x00000003] = 0x00000000,
r[10] = 0x000017c2,
dmem[0x00000000] = 0x000000e3,
dmem[0x00000001] = 0x00000017,
dmem[0x00000002] = 0x00000000,
dmem[0x00000003] = 0x00000000,
r[10] = 0x000017e3,
r[ 0] = 0x0000011c,
dmem[0x00000000] = 0x000000e6,
dmem[0x00000001] = 0x00000017,
dmem[0x00000002] = 0x00000000,
dmem[0x00000003] = 0x00000000,
r[10] = 0x000017e6,
dmem[0x00000000] = 0x000000e7,
dmem[0x00000001] = 0x00000017,
dmem[0x00000002] = 0x00000000,
dmem[0x00000003] = 0x00000000,
r[10] = 0x000017e7,
r[ 0] = 0x0000011c,
dmem[0x00000000] = 0x000000ea,
dmem[0x00000001] = 0x00000017,
dmem[0x00000002] = 0x00000000,
dmem[0x00000003] = 0x00000000,
r[10] = 0x000017ea,
dmem[0x00000000] = 0x000000eb,
dmem[0x00000001] = 0x00000017,
dmem[0x00000002] = 0x00000000,
dmem[0x00000003] = 0x00000000,
r[10] = 0x000017eb,
r[ 0] = 0x0000011c,
dmem[0x00000000] = 0x000000ee,
dmem[0x00000001] = 0x00000017,
dmem[0x00000002] = 0x00000000,
dmem[0x00000003] = 0x00000000,
r[10] = 0x000017ee,
dmem[0x00000000] = 0x000000ef,
dmem[0x00000001] = 0x00000017,
dmem[0x00000002] = 0x00000000,
dmem[0x00000003] = 0x00000000,
r[10] = 0x000017ef,
r[ 0] = 0x0000011c,
dmem[0x00000000] = 0x000000f2,
dmem[0x00000001] = 0x00000017,
dmem[0x00000002] = 0x00000000,
dmem[0x00000003] = 0x00000000,
r[10] = 0x000017f2,
dmem[0x00000000] = 0x000000f3,
dmem[0x00000001] = 0x00000017,
dmem[0x00000002] = 0x00000000,
dmem[0x00000003] = 0x00000000,
r[10] = 0x000017f3,
r[ 0] = 0x0000011c,
dmem[0x00000000] = 0x000000f6,
dmem[0x00000001] = 0x00000017,
dmem[0x00000002] = 0x00000000,
dmem[0x00000003] = 0x00000000,
r[10] = 0x000017f6,
dmem[0x00000000] = 0x000000f7,
dmem[0x00000001] = 0x00000017,
dmem[0x00000002] = 0x00000000,
dmem[0x00000003] = 0x00000000,
r[10] = 0x000017f7,
r[ 0] = 0x0000011c,
dmem[0x00000000] = 0x000000fa,
dmem[0x00000001] = 0x00000017,
dmem[0x00000002] = 0x00000000,
dmem[0x00000003] = 0x00000000,
r[10] = 0x000017fa,
dmem[0x00000000] = 0x000000fb,
dmem[0x00000001] = 0x00000017,
dmem[0x00000002] = 0x00000000,
dmem[0x00000003] = 0x00000000,
r[10] = 0x000017fb,
r[ 0] = 0x0000011c,
dmem[0x00000000] = 0x000000fe,
dmem[0x00000001] = 0x00000017,
dmem[0x00000002] = 0x00000000,
dmem[0x00000003] = 0x00000000,
r[10] = 0x000017fe,
dmem[0x00000000] = 0x000000ff,
dmem[0x00000001] = 0x00000017,
dmem[0x00000002] = 0x00000000,
dmem[0x00000003] = 0x00000000,
r[10] = 0x000017ff,
r[ 0] = 0x0000011c,
dmem[0x00000000] = 0x00000002,
dmem[0x00000001] = 0x00000018,
dmem[0x00000002] = 0x00000000,
dmem[0x00000003] = 0x00000000,
r[10] = 0x00001802,
dmem[0x00000000] = 0x000000a3,
dmem[0x00000001] = 0x0000001f,
dmem[0x00000002] = 0x00000000,
dmem[0x00000003] = 0x00000000,
r[10] = 0x00001fa3,
r[ 0] = 0x0000011c,
dmem[0x00000000] = 0x000000a6,
dmem[0x00000001] = 0x0000001f,
dmem[0x00000002] = 0x00000000,
dmem[0x00000003] = 0x00000000,
r[10] = 0x00001fa6,
dmem[0x00000000] = 0x000000a7,
dmem[0x00000001] = 0x0000001f,
dmem[0x00000002] = 0x00000000,
dmem[0x00000003] = 0x00000000,
r[10] = 0x00001fa7,
r[ 0] = 0x0000011c,
dmem[0x00000000] = 0x000000aa,
dmem[0x00000001] = 0x0000001f,
dmem[0x00000002] = 0x00000000,
dmem[0x00000003] = 0x00000000,
r[10] = 0x00001faa,
dmem[0x00000000] = 0x000000ab,
dmem[0x00000001] = 0x0000001f,
dmem[0x00000002] = 0x00000000,
dmem[0x00000003] = 0x00000000,
r[10] = 0x00001fab,
r[ 0] = 0x0000011c,
dmem[0x00000000] = 0x000000ae,
dmem[0x00000001] = 0x0000001f,
dmem[0x00000002] = 0x00000000,
dmem[0x00000003] = 0x00000000,
r[10] = 0x00001fae,
dmem[0x00000000] = 0x000000af,
dmem[0x00000001] = 0x0000001f,
dmem[0x00000002] = 0x00000000,
dmem[0x00000003] = 0x00000000,
r[10] = 0x00001faf,
r[ 0] = 0x0000011c,
dmem[0x00000000] = 0x000000b2,
dmem[0x00000001] = 0x0000001f,
dmem[0x00000002] = 0x00000000,
dmem[0x00000003] = 0x00000000,
r[10] = 0x00001fb2,
dmem[0x00000000] = 0x000000b3,
dmem[0x00000001] = 0x0000001f,
dmem[0x00000002] = 0x00000000,
dmem[0x00000003] = 0x00000000,
r[10] = 0x00001fb3,
r[ 0] = 0x0000011c,
dmem[0x00000000] = 0x000000b6,
dmem[0x00000001] = 0x0000001f,
dmem[0x00000002] = 0x00000000,
dmem[0x00000003] = 0x00000000,
r[10] = 0x00001fb6,
dmem[0x00000000] = 0x000000b7,
dmem[0x00000001] = 0x0000001f,
dmem[0x00000002] = 0x00000000,
dmem[0x00000003] = 0x00000000,
r[10] = 0x00001fb7,
r[ 0] = 0x0000011c,
dmem[0x00000000] = 0x000000ba,
dmem[0x00000001] = 0x0000001f,
dmem[0x00000002] = 0x00000000,
dmem[0x00000003] = 0x00000000,
r[10] = 0x00001fba,
dmem[0x00000000] = 0x000000bb,
dmem[0x00000001] = 0x0000001f,
dmem[0x00000002] = 0x00000000,
dmem[0x00000003] = 0x00000000,
r[10] = 0x00001fbb,
r[ 0] = 0x0000011c,
dmem[0x00000000] = 0x000000be,
dmem[0x00000001] = 0x0000001f,
dmem[0x00000002] = 0x00000000,
dmem[0x00000003] = 0x00000000,
r[10] = 0x00001fbe,
dmem[0x00000000] = 0x000000bf,
dmem[0x00000001] = 0x0000001f,
dmem[0x00000002] = 0x00000000,
dmem[0x00000003] = 0x00000000,
r[10] = 0x00001fbf,
r[ 0] = 0x0000011c,
dmem[0x00000000] = 0x000000c2,
dmem[0x00000001] = 0x0000001f,
dmem[0x00000002] = 0x00000000,
dmem[0x00000003] = 0x00000000,
r[10] = 0x00001fc2,
dmem[0x00000000] = 0x000000e3,
dmem[0x00000001] = 0x0000001f,
dmem[0x00000002] = 0x00000000,
dmem[0x00000003] = 0x00000000,
r[10] = 0x00001fe3,
r[ 0] = 0x0000011c,
dmem[0x00000000] = 0x000000e6,
dmem[0x00000001] = 0x0000001f,
dmem[0x00000002] = 0x00000000,
dmem[0x00000003] = 0x00000000,
r[10] = 0x00001fe6,
dmem[0x00000000] = 0x000000e7,
dmem[0x00000001] = 0x0000001f,
dmem[0x00000002] = 0x00000000,
dmem[0x00000003] = 0x00000000,
r[10] = 0x00001fe7,
r[ 0] = 0x0000011c,
dmem[0x00000000] = 0x000000ea,
dmem[0x00000001] = 0x0000001f,
dmem[0x00000002] = 0x00000000,
dmem[0x00000003] = 0x00000000,
r[10] = 0x00001fea,
dmem[0x00000000] = 0x000000eb,
dmem[0x00000001] = 0x0000001f,
dmem[0x00000002] = 0x00000000,
dmem[0x00000003] = 0x00000000,
r[10] = 0x00001feb,
r[ 0] = 0x0000011c,
dmem[0x00000000] = 0x000000ee,
dmem[0x00000001] = 0x0000001f,
dmem[0x00000002] = 0x00000000,
dmem[0x00000003] = 0x00000000,
r[10] = 0x00001fee,
dmem[0x00000000] = 0x000000ef,
dmem[0x00000001] = 0x0000001f,
dmem[0x00000002] = 0x00000000,
dmem[0x00000003] = 0x00000000,
r[10] = 0x00001fef,
r[ 0] = 0x0000011c,
dmem[0x00000000] = 0x000000f2,
dmem[0x00000001] = 0x0000001f,
dmem[0x00000002] = 0x00000000,
dmem[0x00000003] = 0x00000000,
r[10] = 0x00001ff2,
dmem[0x00000000] = 0x000000f3,
dmem[0x00000001] = 0x0000001f,
dmem[0x00000002] = 0x00000000,
dmem[0x00000003] = 0x00000000,
r[10] = 0x00001ff3,
r[ 0] = 0x0000011c,
dmem[0x00000000] = 0x000000f6,
dmem[0x00000001] = 0x0000001f,
dmem[0x00000002] = 0x00000000,
dmem[0x00000003] = 0x00000000,
r[10] = 0x00001ff6,
dmem[0x00000000] = 0x000000f7,
dmem[0x00000001] = 0x0000001f,
dmem[0x00000002] = 0x00000000,
dmem[0x00000003] = 0x00000000,
r[10] = 0x00001ff7,
r[ 0] = 0x0000011c,
dmem[0x00000000] = 0x000000fa,
dmem[0x00000001] = 0x0000001f,
dmem[0x00000002] = 0x00000000,
dmem[0x00000003] = 0x00000000,
r[10] = 0x00001ffa,
dmem[0x00000000] = 0x000000fb,
dmem[0x00000001] = 0x0000001f,
dmem[0x00000002] = 0x00000000,
dmem[0x00000003] = 0x00000000,
r[10] = 0x00001ffb,
r[ 0] = 0x0000011c,
dmem[0x00000000] = 0x000000fe,
dmem[0x00000001] = 0x0000001f,
dmem[0x00000002] = 0x00000000,
dmem[0x00000003] = 0x00000000,
r[10] = 0x00001ffe,
dmem[0x00000000] = 0x000000ff,
dmem[0x00000001] = 0x0000001f,
dmem[0x00000002] = 0x00000000,
dmem[0x00000003] = 0x00000000,
r[10] = 0x00001fff,
r[ 0] = 0x0000011c,
dmem[0x00000000] = 0x00000002,
dmem[0x00000001] = 0x00000020,
dmem[0x00000002] = 0x00000000,
dmem[0x00000003] = 0x00000000,
r[10] = 0x00002002,
dmem[0x00000000] = 0x000000a3,
dmem[0x00000001] = 0x00000027,
dmem[0x00000002] = 0x00000000,
dmem[0x00000003] = 0x00000000,
r[10] = 0x000027a3,
r[ 0] = 0x0000011c,
dmem[0x00000000] = 0x000000a6,
dmem[0x00000001] = 0x00000027,
dmem[0x00000002] = 0x00000000,
dmem[0x00000003] = 0x00000000,
r[10] = 0x000027a6,
dmem[0x00000000] = 0x000000a7,
dmem[0x00000001] = 0x00000027,
dmem[0x00000002] = 0x00000000,
dmem[0x00000003] = 0x00000000,
r[10] = 0x000027a7,
r[ 0] = 0x0000011c,
dmem[0x00000000] = 0x000000aa,
dmem[0x00000001] = 0x00000027,
dmem[0x00000002] = 0x00000000,
dmem[0x00000003] = 0x00000000,
r[10] = 0x000027aa,
dmem[0x00000000] = 0x000000ab,
dmem[0x00000001] = 0x00000027,
dmem[0x00000002] = 0x00000000,
dmem[0x00000003] = 0x00000000,
r[10] = 0x000027ab,
r[ 0] = 0x0000011c,
dmem[0x00000000] = 0x000000ae,
dmem[0x00000001] = 0x00000027,
dmem[0x00000002] = 0x00000000,
dmem[0x00000003] = 0x00000000,
r[10] = 0x000027ae,
dmem[0x00000000] = 0x000000af,
dmem[0x00000001] = 0x00000027,
dmem[0x00000002] = 0x00000000,
dmem[0x00000003] = 0x00000000,
r[10] = 0x000027af,
r[ 0] = 0x0000011c,
dmem[0x00000000] = 0x000000b2,
dmem[0x00000001] = 0x00000027,
dmem[0x00000002] = 0x00000000,
dmem[0x00000003] = 0x00000000,
r[10] = 0x000027b2,
dmem[0x00000000] = 0x000000b3,
dmem[0x00000001] = 0x00000027,
dmem[0x00000002] = 0x00000000,
dmem[0x00000003] = 0x00000000,
r[10] = 0x000027b3,
r[ 0] = 0x0000011c,
dmem[0x00000000] = 0x000000b6,
dmem[0x00000001] = 0x00000027,
dmem[0x00000002] = 0x00000000,
dmem[0x00000003] = 0x00000000,
r[10] = 0x000027b6,
dmem[0x00000000] = 0x000000b7,
dmem[0x00000001] = 0x00000027,
dmem[0x00000002] = 0x00000000,
dmem[0x00000003] = 0x00000000,
r[10] = 0x000027b7,
r[ 0] = 0x0000011c,
dmem[0x00000000] = 0x000000ba,
dmem[0x00000001] = 0x00000027,
dmem[0x00000002] = 0x00000000,
dmem[0x00000003] = 0x00000000,
r[10] = 0x000027ba,
dmem[0x00000000] = 0x000000bb,
dmem[0x00000001] = 0x00000027,
dmem[0x00000002] = 0x00000000,
dmem[0x00000003] = 0x00000000,
r[10] = 0x000027bb,
r[ 0] = 0x0000011c,
dmem[0x00000000] = 0x000000be,
dmem[0x00000001] = 0x00000027,
dmem[0x00000002] = 0x00000000,
dmem[0x00000003] = 0x00000000,
r[10] = 0x000027be,
dmem[0x00000000] = 0x000000bf,
dmem[0x00000001] = 0x00000027,
dmem[0x00000002] = 0x00000000,
dmem[0x00000003] = 0x00000000,
r[10] = 0x000027bf,
r[ 0] = 0x0000011c,
dmem[0x00000000] = 0x000000c2,
dmem[0x00000001] = 0x00000027,
dmem[0x00000002] = 0x00000000,
dmem[0x00000003] = 0x00000000,
r[10] = 0x000027c2,
dmem[0x00000000] = 0x000000e3,
dmem[0x00000001] = 0x00000027,
dmem[0x00000002] = 0x00000000,
dmem[0x00000003] = 0x00000000,
r[10] = 0x000027e3,
r[ 0] = 0x0000011c,
dmem[0x00000000] = 0x000000e6,
dmem[0x00000001] = 0x00000027,
dmem[0x00000002] = 0x00000000,
dmem[0x00000003] = 0x00000000,
r[10] = 0x000027e6,
dmem[0x00000000] = 0x000000e7,
dmem[0x00000001] = 0x00000027,
dmem[0x00000002] = 0x00000000,
dmem[0x00000003] = 0x00000000,
r[10] = 0x000027e7,
r[ 0] = 0x0000011c,
dmem[0x00000000] = 0x000000ea,
dmem[0x00000001] = 0x00000027,
dmem[0x00000002] = 0x00000000,
dmem[0x00000003] = 0x00000000,
r[10] = 0x000027ea,
dmem[0x00000000] = 0x000000eb,
dmem[0x00000001] = 0x00000027,
dmem[0x00000002] = 0x00000000,
dmem[0x00000003] = 0x00000000,
r[10] = 0x000027eb,
r[ 0] = 0x0000011c,
dmem[0x00000000] = 0x000000ee,
dmem[0x00000001] = 0x00000027,
dmem[0x00000002] = 0x00000000,
dmem[0x00000003] = 0x00000000,
r[10] = 0x000027ee,
dmem[0x00000000] = 0x000000ef,
dmem[0x00000001] = 0x00000027,
dmem[0x00000002] = 0x00000000,
dmem[0x00000003] = 0x00000000,
r[10] = 0x000027ef,
r[ 0] = 0x0000011c,
dmem[0x00000000] = 0x000000f2,
dmem[0x00000001] = 0x00000027,
dmem[0x00000002] = 0x00000000,
dmem[0x00000003] = 0x00000000,
r[10] = 0x000027f2,
dmem[0x00000000] = 0x000000f3,
dmem[0x00000001] = 0x00000027,
dmem[0x00000002] = 0x00000000,
dmem[0x00000003] = 0x00000000,
r[10] = 0x000027f3,
r[ 0] = 0x0000011c,
dmem[0x00000000] = 0x000000f6,
dmem[0x00000001] = 0x00000027,
dmem[0x00000002] = 0x00000000,
dmem[0x00000003] = 0x00000000,
r[10] = 0x000027f6,
dmem[0x00000000] = 0x000000f7,
dmem[0x00000001] = 0x00000027,
dmem[0x00000002] = 0x00000000,
dmem[0x00000003] = 0x00000000,
r[10] = 0x000027f7,
r[ 0] = 0x0000011c,
dmem[0x00000000] = 0x000000fa,
dmem[0x00000001] = 0x00000027,
dmem[0x00000002] = 0x00000000,
dmem[0x00000003] = 0x00000000,
r[10] = 0x000027fa,
dmem[0x00000000] = 0x000000fb,
dmem[0x00000001] = 0x00000027,
dmem[0x00000002] = 0x00000000,
dmem[0x00000003] = 0x00000000,
r[10] = 0x000027fb,
r[ 0] = 0x0000011c,
dmem[0x00000000] = 0x000000fe,
dmem[0x00000001] = 0x00000027,
dmem[0x00000002] = 0x00000000,
dmem[0x00000003] = 0x00000000,
r[10] = 0x000027fe,
dmem[0x00000000] = 0x000000ff,
dmem[0x00000001] = 0x00000027,
dmem[0x00000002] = 0x00000000,
dmem[0x00000003] = 0x00000000,
r[10] = 0x000027ff,
r[ 0] = 0x0000011c,
dmem[0x00000000] = 0x00000002,
dmem[0x00000001] = 0x00000028,
dmem[0x00000002] = 0x00000000,
dmem[0x00000003] = 0x00000000,
r[10] = 0x00002802,
dmem[0x00000000] = 0x000000a3,
dmem[0x00000001] = 0x0000002f,
dmem[0x00000002] = 0x00000000,
dmem[0x00000003] = 0x00000000,
r[10] = 0x00002fa3,
r[ 0] = 0x0000011c,
dmem[0x00000000] = 0x000000a6,
dmem[0x00000001] = 0x0000002f,
dmem[0x00000002] = 0x00000000,
dmem[0x00000003] = 0x00000000,
r[10] = 0x00002fa6,
dmem[0x00000000] = 0x000000a7,
dmem[0x00000001] = 0x0000002f,
dmem[0x00000002] = 0x00000000,
dmem[0x00000003] = 0x00000000,
r[10] = 0x00002fa7,
r[ 0] = 0x0000011c,
dmem[0x00000000] = 0x000000aa,
dmem[0x00000001] = 0x0000002f,
dmem[0x00000002] = 0x00000000,
dmem[0x00000003] = 0x00000000,
r[10] = 0x00002faa,
dmem[0x00000000] = 0x000000ab,
dmem[0x00000001] = 0x0000002f,
dmem[0x00000002] = 0x00000000,
dmem[0x00000003] = 0x00000000,
r[10] = 0x00002fab,
r[ 0] = 0x0000011c,
dmem[0x00000000] = 0x000000ae,
dmem[0x00000001] = 0x0000002f,
dmem[0x00000002] = 0x00000000,
dmem[0x00000003] = 0x00000000,
r[10] = 0x00002fae,
dmem[0x00000000] = 0x000000af,
dmem[0x00000001] = 0x0000002f,
dmem[0x00000002] = 0x00000000,
dmem[0x00000003] = 0x00000000,
r[10] = 0x00002faf,
r[ 0] = 0x0000011c,
dmem[0x00000000] = 0x000000b2,
dmem[0x00000001] = 0x0000002f,
dmem[0x00000002] = 0x00000000,
dmem[0x00000003] = 0x00000000,
r[10] = 0x00002fb2,
dmem[0x00000000] = 0x000000b3,
dmem[0x00000001] = 0x0000002f,
dmem[0x00000002] = 0x00000000,
dmem[0x00000003] = 0x00000000,
r[10] = 0x00002fb3,
r[ 0] = 0x0000011c,
dmem[0x00000000] = 0x000000b6,
dmem[0x00000001] = 0x0000002f,
dmem[0x00000002] = 0x00000000,
dmem[0x00000003] = 0x00000000,
r[10] = 0x00002fb6,
dmem[0x00000000] = 0x000000b7,
dmem[0x00000001] = 0x0000002f,
dmem[0x00000002] = 0x00000000,
dmem[0x00000003] = 0x00000000,
r[10] = 0x00002fb7,
r[ 0] = 0x0000011c,
dmem[0x00000000] = 0x000000ba,
dmem[0x00000001] = 0x0000002f,
dmem[0x00000002] = 0x00000000,
dmem[0x00000003] = 0x00000000,
r[10] = 0x00002fba,
dmem[0x00000000] = 0x000000bb,
dmem[0x00000001] = 0x0000002f,
dmem[0x00000002] = 0x00000000,
dmem[0x00000003] = 0x00000000,
r[10] = 0x00002fbb,
r[ 0] = 0x0000011c,
dmem[0x00000000] = 0x000000be,
dmem[0x00000001] = 0x0000002f,
dmem[0x00000002] = 0x00000000,
dmem[0x00000003] = 0x00000000,
r[10] = 0x00002fbe,
dmem[0x00000000] = 0x000000bf,
dmem[0x00000001] = 0x0000002f,
dmem[0x00000002] = 0x00000000,
dmem[0x00000003] = 0x00000000,
r[10] = 0x00002fbf,
r[ 0] = 0x0000011c,
dmem[0x00000000] = 0x000000c2,
dmem[0x00000001] = 0x0000002f,
dmem[0x00000002] = 0x00000000,
dmem[0x00000003] = 0x00000000,
r[10] = 0x00002fc2,
dmem[0x00000000] = 0x000000e3,
dmem[0x00000001] = 0x0000002f,
dmem[0x00000002] = 0x00000000,
dmem[0x00000003] = 0x00000000,
r[10] = 0x00002fe3,
r[ 0] = 0x0000011c,
dmem[0x00000000] = 0x000000e6,
dmem[0x00000001] = 0x0000002f,
dmem[0x00000002] = 0x00000000,
dmem[0x00000003] = 0x00000000,
r[10] = 0x00002fe6,
dmem[0x00000000] = 0x000000e7,
dmem[0x00000001] = 0x0000002f,
dmem[0x00000002] = 0x00000000,
dmem[0x00000003] = 0x00000000,
r[10] = 0x00002fe7,
r[ 0] = 0x0000011c,
dmem[0x00000000] = 0x000000ea,
dmem[0x00000001] = 0x0000002f,
dmem[0x00000002] = 0x00000000,
dmem[0x00000003] = 0x00000000,
r[10] = 0x00002fea,
dmem[0x00000000] = 0x000000eb,
dmem[0x00000001] = 0x0000002f,
dmem[0x00000002] = 0x00000000,
dmem[0x00000003] = 0x00000000,
r[10] = 0x00002feb,
r[ 0] = 0x0000011c,
dmem[0x00000000] = 0x000000ee,
dmem[0x00000001] = 0x0000002f,
dmem[0x00000002] = 0x00000000,
dmem[0x00000003] = 0x00000000,
r[10] = 0x00002fee,
dmem[0x00000000] = 0x000000ef,
dmem[0x00000001] = 0x0000002f,
dmem[0x00000002] = 0x00000000,
dmem[0x00000003] = 0x00000000,
r[10] = 0x00002fef,
r[ 0] = 0x0000011c,
dmem[0x00000000] = 0x000000f2,
dmem[0x00000001] = 0x0000002f,
dmem[0x00000002] = 0x00000000,
dmem[0x00000003] = 0x00000000,
r[10] = 0x00002ff2,
dmem[0x00000000] = 0x000000f3,
dmem[0x00000001] = 0x0000002f,
dmem[0x00000002] = 0x00000000,
dmem[0x00000003] = 0x00000000,
r[10] = 0x00002ff3,
r[ 0] = 0x0000011c,
dmem[0x00000000] = 0x000000f6,
dmem[0x00000001] = 0x0000002f,
dmem[0x00000002] = 0x00000000,
dmem[0x00000003] = 0x00000000,
r[10] = 0x00002ff6,
dmem[0x00000000] = 0x000000f7,
dmem[0x00000001] = 0x0000002f,
dmem[0x00000002] = 0x00000000,
dmem[0x00000003] = 0x00000000,
r[10] = 0x00002ff7,
r[ 0] = 0x0000011c,
dmem[0x00000000] = 0x000000fa,
dmem[0x00000001] = 0x0000002f,
dmem[0x00000002] = 0x00000000,
dmem[0x00000003] = 0x00000000,
r[10] = 0x00002ffa,
dmem[0x00000000] = 0x000000fb,
dmem[0x00000001] = 0x0000002f,
dmem[0x00000002] = 0x00000000,
dmem[0x00000003] = 0x00000000,
r[10] = 0x00002ffb,
r[ 0] = 0x0000011c,
dmem[0x00000000] = 0x000000fe,
dmem[0x00000001] = 0x0000002f,
dmem[0x00000002] = 0x00000000,
dmem[0x00000003] = 0x00000000,
r[10] = 0x00002ffe,
dmem[0x00000000] = 0x000000ff,
dmem[0x00000001] = 0x0000002f,
dmem[0x00000002] = 0x00000000,
dmem[0x00000003] = 0x00000000,
r[10] = 0x00002fff,
r[ 0] = 0x0000011c,
dmem[0x00000000] = 0x00000002,
dmem[0x00000001] = 0x00000030,
dmem[0x00000002] = 0x00000000,
dmem[0x00000003] = 0x00000000,
r[10] = 0x00003002,
dmem[0x00000000] = 0x000000a3,
dmem[0x00000001] = 0x00000037,
dmem[0x00000002] = 0x00000000,
dmem[0x00000003] = 0x00000000,
r[10] = 0x000037a3,
r[ 0] = 0x0000011c,
dmem[0x00000000] = 0x000000a6,
dmem[0x00000001] = 0x00000037,
dmem[0x00000002] = 0x00000000,
dmem[0x00000003] = 0x00000000,
r[10] = 0x000037a6,
dmem[0x00000000] = 0x000000a7,
dmem[0x00000001] = 0x00000037,
dmem[0x00000002] = 0x00000000,
dmem[0x00000003] = 0x00000000,
r[10] = 0x000037a7,
r[ 0] = 0x0000011c,
dmem[0x00000000] = 0x000000aa,
dmem[0x00000001] = 0x00000037,
dmem[0x00000002] = 0x00000000,
dmem[0x00000003] = 0x00000000,
r[10] = 0x000037aa,
dmem[0x00000000] = 0x000000ab,
dmem[0x00000001] = 0x00000037,
dmem[0x00000002] = 0x00000000,
dmem[0x00000003] = 0x00000000,
r[10] = 0x000037ab,
r[ 0] = 0x0000011c,
dmem[0x00000000] = 0x000000ae,
dmem[0x00000001] = 0x00000037,
dmem[0x00000002] = 0x00000000,
dmem[0x00000003] = 0x00000000,
r[10] = 0x000037ae,
dmem[0x00000000] = 0x000000af,
dmem[0x00000001] = 0x00000037,
dmem[0x00000002] = 0x00000000,
dmem[0x00000003] = 0x00000000,
r[10] = 0x000037af,
r[ 0] = 0x0000011c,
dmem[0x00000000] = 0x000000b2,
dmem[0x00000001] = 0x00000037,
dmem[0x00000002] = 0x00000000,
dmem[0x00000003] = 0x00000000,
r[10] = 0x000037b2,
dmem[0x00000000] = 0x000000b3,
dmem[0x00000001] = 0x00000037,
dmem[0x00000002] = 0x00000000,
dmem[0x00000003] = 0x00000000,
r[10] = 0x000037b3,
r[ 0] = 0x0000011c,
dmem[0x00000000] = 0x000000b6,
dmem[0x00000001] = 0x00000037,
dmem[0x00000002] = 0x00000000,
dmem[0x00000003] = 0x00000000,
r[10] = 0x000037b6,
dmem[0x00000000] = 0x000000b7,
dmem[0x00000001] = 0x00000037,
dmem[0x00000002] = 0x00000000,
dmem[0x00000003] = 0x00000000,
r[10] = 0x000037b7,
r[ 0] = 0x0000011c,
dmem[0x00000000] = 0x000000ba,
dmem[0x00000001] = 0x00000037,
dmem[0x00000002] = 0x00000000,
dmem[0x00000003] = 0x00000000,
r[10] = 0x000037ba,
dmem[0x00000000] = 0x000000bb,
dmem[0x00000001] = 0x00000037,
dmem[0x00000002] = 0x00000000,
dmem[0x00000003] = 0x00000000,
r[10] = 0x000037bb,
r[ 0] = 0x0000011c,
dmem[0x00000000] = 0x000000be,
dmem[0x00000001] = 0x00000037,
dmem[0x00000002] = 0x00000000,
dmem[0x00000003] = 0x00000000,
r[10] = 0x000037be,
dmem[0x00000000] = 0x000000bf,
dmem[0x00000001] = 0x00000037,
dmem[0x00000002] = 0x00000000,
dmem[0x00000003] = 0x00000000,
r[10] = 0x000037bf,
r[ 0] = 0x0000011c,
dmem[0x00000000] = 0x000000c2,
dmem[0x00000001] = 0x00000037,
dmem[0x00000002] = 0x00000000,
dmem[0x00000003] = 0x00000000,
r[10] = 0x000037c2,
dmem[0x00000000] = 0x000000e3,
dmem[0x00000001] = 0x00000037,
dmem[0x00000002] = 0x00000000,
dmem[0x00000003] = 0x00000000,
r[10] = 0x000037e3,
r[ 0] = 0x0000011c,
dmem[0x00000000] = 0x000000e6,
dmem[0x00000001] = 0x00000037,
dmem[0x00000002] = 0x00000000,
dmem[0x00000003] = 0x00000000,
r[10] = 0x000037e6,
dmem[0x00000000] = 0x000000e7,
dmem[0x00000001] = 0x00000037,
dmem[0x00000002] = 0x00000000,
dmem[0x00000003] = 0x00000000,
r[10] = 0x000037e7,
r[ 0] = 0x0000011c,
dmem[0x00000000] = 0x000000ea,
dmem[0x00000001] = 0x00000037,
dmem[0x00000002] = 0x00000000,
dmem[0x00000003] = 0x00000000,
r[10] = 0x000037ea,
dmem[0x00000000] = 0x000000eb,
dmem[0x00000001] = 0x00000037,
dmem[0x00000002] = 0x00000000,
dmem[0x00000003] = 0x00000000,
r[10] = 0x000037eb,
r[ 0] = 0x0000011c,
dmem[0x00000000] = 0x000000ee,
dmem[0x00000001] = 0x00000037,
dmem[0x00000002] = 0x00000000,
dmem[0x00000003] = 0x00000000,
r[10] = 0x000037ee,
dmem[0x00000000] = 0x000000ef,
dmem[0x00000001] = 0x00000037,
dmem[0x00000002] = 0x00000000,
dmem[0x00000003] = 0x00000000,
r[10] = 0x000037ef,
r[ 0] = 0x0000011c,
dmem[0x00000000] = 0x000000f2,
dmem[0x00000001] = 0x00000037,
dmem[0x00000002] = 0x00000000,
dmem[0x00000003] = 0x00000000,
r[10] = 0x000037f2,
dmem[0x00000000] = 0x000000f3,
dmem[0x00000001] = 0x00000037,
dmem[0x00000002] = 0x00000000,
dmem[0x00000003] = 0x00000000,
r[10] = 0x000037f3,
r[ 0] = 0x0000011c,
dmem[0x00000000] = 0x000000f6,
dmem[0x00000001] = 0x00000037,
dmem[0x00000002] = 0x00000000,
dmem[0x00000003] = 0x00000000,
r[10] = 0x000037f6,
dmem[0x00000000] = 0x000000f7,
dmem[0x00000001] = 0x00000037,
dmem[0x00000002] = 0x00000000,
dmem[0x00000003] = 0x00000000,
r[10] = 0x000037f7,
r[ 0] = 0x0000011c,
dmem[0x00000000] = 0x000000fa,
dmem[0x00000001] = 0x00000037,
dmem[0x00000002] = 0x00000000,
dmem[0x00000003] = 0x00000000,
r[10] = 0x000037fa,
dmem[0x00000000] = 0x000000fb,
dmem[0x00000001] = 0x00000037,
dmem[0x00000002] = 0x00000000,
dmem[0x00000003] = 0x00000000,
r[10] = 0x000037fb,
r[ 0] = 0x0000011c,
dmem[0x00000000] = 0x000000fe,
dmem[0x00000001] = 0x00000037,
dmem[0x00000002] = 0x00000000,
dmem[0x00000003] = 0x00000000,
r[10] = 0x000037fe,
dmem[0x00000000] = 0x000000ff,
dmem[0x00000001] = 0x00000037,
dmem[0x00000002] = 0x00000000,
dmem[0x00000003] = 0x00000000,
r[10] = 0x000037ff,
r[ 0] = 0x0000011c,
dmem[0x00000000] = 0x00000002,
dmem[0x00000001] = 0x00000038,
dmem[0x00000002] = 0x00000000,
dmem[0x00000003] = 0x00000000,
r[10] = 0x00003802,
dmem[0x00000000] = 0x000000a3,
dmem[0x00000001] = 0x0000003f,
dmem[0x00000002] = 0x00000000,
dmem[0x00000003] = 0x00000000,
r[10] = 0x00003fa3,
r[ 0] = 0x0000011c,
dmem[0x00000000] = 0x000000a6,
dmem[0x00000001] = 0x0000003f,
dmem[0x00000002] = 0x00000000,
dmem[0x00000003] = 0x00000000,
r[10] = 0x00003fa6,
dmem[0x00000000] = 0x000000a7,
dmem[0x00000001] = 0x0000003f,
dmem[0x00000002] = 0x00000000,
dmem[0x00000003] = 0x00000000,
r[10] = 0x00003fa7,
r[ 0] = 0x0000011c,
dmem[0x00000000] = 0x000000aa,
dmem[0x00000001] = 0x0000003f,
dmem[0x00000002] = 0x00000000,
dmem[0x00000003] = 0x00000000,
r[10] = 0x00003faa,
dmem[0x00000000] = 0x000000ab,
dmem[0x00000001] = 0x0000003f,
dmem[0x00000002] = 0x00000000,
dmem[0x00000003] = 0x00000000,
r[10] = 0x00003fab,
r[ 0] = 0x0000011c,
dmem[0x00000000] = 0x000000ae,
dmem[0x00000001] = 0x0000003f,
dmem[0x00000002] = 0x00000000,
dmem[0x00000003] = 0x00000000,
r[10] = 0x00003fae,
dmem[0x00000000] = 0x000000af,
dmem[0x00000001] = 0x0000003f,
dmem[0x00000002] = 0x00000000,
dmem[0x00000003] = 0x00000000,
r[10] = 0x00003faf,
r[ 0] = 0x0000011c,
dmem[0x00000000] = 0x000000b2,
dmem[0x00000001] = 0x0000003f,
dmem[0x00000002] = 0x00000000,
dmem[0x00000003] = 0x00000000,
r[10] = 0x00003fb2,
dmem[0x00000000] = 0x000000b3,
dmem[0x00000001] = 0x0000003f,
dmem[0x00000002] = 0x00000000,
dmem[0x00000003] = 0x00000000,
r[10] = 0x00003fb3,
r[ 0] = 0x0000011c,
dmem[0x00000000] = 0x000000b6,
dmem[0x00000001] = 0x0000003f,
dmem[0x00000002] = 0x00000000,
dmem[0x00000003] = 0x00000000,
r[10] = 0x00003fb6,
dmem[0x00000000] = 0x000000b7,
dmem[0x00000001] = 0x0000003f,
dmem[0x00000002] = 0x00000000,
dmem[0x00000003] = 0x00000000,
r[10] = 0x00003fb7,
r[ 0] = 0x0000011c,
$stop called at time : 4004 ns : File "D:/Git/GITHUB/Single_cycle_CPU/pip code/sccomp_tb.v" Line 36
run 10 us
WARNING: File/Multi-channel descriptor (2) passed to $fclose is not valid. Please compile the design with -debug for source location information.
$stop called at time : 4008 ns : File "D:/Git/GITHUB/Single_cycle_CPU/pip code/sccomp_tb.v" Line 36
close_sim
INFO: [Simtcl 6-16] Simulation closed
exit
INFO: [Common 17-206] Exiting Vivado at Mon Apr 22 09:24:19 2024...
