Vivado Simulator v2023.1
Copyright 1986-2022 Xilinx, Inc. All Rights Reserved.
Copyright 2022-2023 Advanced Micro Devices, Inc. All Rights Reserved.
Running: D:/Vivado/Vivado/2023.1/bin/unwrapped/win64.o/xelab.exe --incr --debug typical --relax --mt 2 --maxdelay -L xil_defaultlib -L simprims_ver -L secureip --snapshot top_time_impl -transport_int_delays -pulse_r 0 -pulse_int_r 0 -pulse_e 0 -pulse_int_e 0 xil_defaultlib.top xil_defaultlib.glbl -log elaborate.log 
Using 2 slave threads.
Starting static elaboration
Pass Through NonSizing Optimizer
Completed static elaboration
Starting simulation data flow analysis
Completed simulation data flow analysis
INFO: [XSIM 43-3451] SDF backannotation process started with SDF file "top_time_impl.sdf", for root module "top".
INFO: [XSIM 43-3452] SDF backannotation was successful for SDF file "top_time_impl.sdf", for root module "top".
Time Resolution for simulation is 1ps
Compiling module simprims_ver.BUFG
Compiling module simprims_ver.CARRY4
Compiling module simprims_ver.x_lut1_mux2
Compiling module simprims_ver.LUT1
Compiling module simprims_ver.x_lut2_mux4
Compiling module simprims_ver.LUT2
Compiling module simprims_ver.LUT4
Compiling module simprims_ver.LUT6
Compiling module simprims_ver.FDCE(IS_C_INVERTED=1'b1)
Compiling module xil_defaultlib.GRE_array__hierPathDup__2
Compiling module simprims_ver.x_lut3_mux8
Compiling module simprims_ver.LUT3
Compiling module simprims_ver.LUT5
Compiling module xil_defaultlib.GRE_array__hierPathDup__1
Compiling module xil_defaultlib.GRE_array
Compiling module xil_defaultlib.GRE_array__hierPathDup__3
Compiling module simprims_ver.latchsre_ldce
Compiling module simprims_ver.LDCE
Compiling module xil_defaultlib.EXT
Compiling module xil_defaultlib.NPC
Compiling module simprims_ver.FDCE_default
Compiling module xil_defaultlib.PC
Compiling module simprims_ver.MUXF8
Compiling module simprims_ver.MUXF7
Compiling module simprims_ver.FDRE_default
Compiling module xil_defaultlib.RF
Compiling module xil_defaultlib.alu
Compiling module xil_defaultlib.SCPU
Compiling module xil_defaultlib.ROM_D
Compiling module simprims_ver.RB36_INTERNAL_VLOG(DOA_REG=1,RDA...
Compiling module simprims_ver.RAMB36E1(DOA_REG=1,INIT_00=256'b...
Compiling module xil_defaultlib.RAM_B
Compiling module xil_defaultlib.dm_controller
Compiling module xil_defaultlib.MIO_BUS
Compiling module xil_defaultlib.Multi_8CH32
Compiling module simprims_ver.OBUF
Compiling module simprims_ver.FDPE_default
Compiling module xil_defaultlib.SSeg7
Compiling module xil_defaultlib.SPIO
Compiling module xil_defaultlib.clk_div
Compiling module simprims_ver.IBUF
Compiling module xil_defaultlib.top
Compiling module xil_defaultlib.glbl
Built simulation snapshot top_time_impl
