INFO: [VRFC 10-2263] Analyzing Verilog file "D:/Vivado/Pipeline_CPU/Pipeline_CPU/Pipeline_CPU.sim/sim_1/impl/timing/xsim/top_time_impl.v" into library xil_defaultlib
INFO: [VRFC 10-311] analyzing module EXT
INFO: [VRFC 10-311] analyzing module GRE_array
INFO: [VRFC 10-311] analyzing module GRE_array__hierPathDup__1
INFO: [VRFC 10-311] analyzing module GRE_array__hierPathDup__2
INFO: [VRFC 10-311] analyzing module GRE_array__hierPathDup__3
INFO: [VRFC 10-311] analyzing module MIO_BUS
INFO: [VRFC 10-311] analyzing module Multi_8CH32
INFO: [VRFC 10-311] analyzing module NPC
INFO: [VRFC 10-311] analyzing module PC
INFO: [VRFC 10-311] analyzing module RAM_B
INFO: [VRFC 10-311] analyzing module RF
INFO: [VRFC 10-311] analyzing module ROM_D
INFO: [VRFC 10-311] analyzing module SCPU
INFO: [VRFC 10-311] analyzing module SPIO
INFO: [VRFC 10-311] analyzing module SSeg7
INFO: [VRFC 10-311] analyzing module alu
INFO: [VRFC 10-311] analyzing module clk_div
INFO: [VRFC 10-311] analyzing module dm_controller
INFO: [VRFC 10-311] analyzing module top
INFO: [VRFC 10-311] analyzing module ROM_D_dist_mem_gen_v8_0_13
INFO: [VRFC 10-311] analyzing module ROM_D_dist_mem_gen_v8_0_13_synth
INFO: [VRFC 10-311] analyzing module ROM_D_rom
INFO: [VRFC 10-311] analyzing module RAM_B_blk_mem_gen_generic_cstr
INFO: [VRFC 10-311] analyzing module RAM_B_blk_mem_gen_prim_width
INFO: [VRFC 10-311] analyzing module RAM_B_blk_mem_gen_prim_wrapper_init
INFO: [VRFC 10-311] analyzing module RAM_B_blk_mem_gen_top
INFO: [VRFC 10-311] analyzing module RAM_B_blk_mem_gen_v8_4_6
INFO: [VRFC 10-311] analyzing module RAM_B_blk_mem_gen_v8_4_6_synth
INFO: [VRFC 10-311] analyzing module glbl
